2017-06-06 19:59:18,091 [Worker-14] INFO  o.e.m.c.i.p.ProjectConfigurationManager - Collecting project info '/pom.xml' C:\Users\sandeep madineni\Desktop\JAVA-IMCS Training\Advanced-Java\EmployeeDAO\pom.xml
2017-06-06 19:59:22,275 [Worker-14] INFO  o.e.m.c.i.l.LifecycleMappingFactory - Using org.eclipse.m2e.jdt.JarLifecycleMapping lifecycle mapping for MavenProject: com.employeedao:EmployeeDAO:0.0.1-SNAPSHOT @ C:\Users\sandeep madineni\Desktop\JAVA-IMCS Training\Advanced-Java\EmployeeDAO\pom.xml.
2017-06-06 19:59:23,227 [Worker-14] INFO  o.e.m.j.i.AbstractJavaProjectConfigurator - Adding source folder /EmployeeDAO/src/main/java
2017-06-06 19:59:23,241 [Worker-14] INFO  o.e.m.j.i.AbstractJavaProjectConfigurator - Adding source folder /EmployeeDAO/src/test/java
2017-06-06 19:59:24,810 [Worker-14] INFO  o.e.m.c.i.p.ProjectConfigurationManager - Imported and configured 1 project(s) in 6 sec
2017-06-06 19:59:25,533 [Worker-16] INFO  o.e.m.c.i.embedder.EclipseLogger - Using 'UTF-8' encoding to copy filtered resources.
2017-06-06 19:59:25,534 [Worker-16] INFO  o.e.m.c.i.embedder.EclipseLogger - skip non existing resourceDirectory C:\Users\sandeep madineni\Desktop\JAVA-IMCS Training\Advanced-Java\EmployeeDAO\src\main\resources
2017-06-06 19:59:25,537 [Worker-16] INFO  o.e.m.c.i.embedder.EclipseLogger - Using 'UTF-8' encoding to copy filtered resources.
2017-06-06 19:59:25,537 [Worker-16] INFO  o.e.m.c.i.embedder.EclipseLogger - skip non existing resourceDirectory C:\Users\sandeep madineni\Desktop\JAVA-IMCS Training\Advanced-Java\EmployeeDAO\src\test\resources
2017-06-06 20:00:06,060 [Worker-13] INFO  o.e.m.c.i.p.ProjectConfigurationManager - Collecting project info '/pom.xml' C:\Users\sandeep madineni\Desktop\JAVA-IMCS Training\Advanced-Java\EmployeeService\pom.xml
2017-06-06 20:00:06,279 [Worker-13] INFO  o.e.m.c.i.l.LifecycleMappingFactory - Using org.eclipse.m2e.jdt.JarLifecycleMapping lifecycle mapping for MavenProject: com.employeeservice:EmployeeService:0.0.1-SNAPSHOT @ C:\Users\sandeep madineni\Desktop\JAVA-IMCS Training\Advanced-Java\EmployeeService\pom.xml.
2017-06-06 20:00:06,488 [Worker-13] INFO  o.e.m.j.i.AbstractJavaProjectConfigurator - Adding source folder /EmployeeService/src/main/java
2017-06-06 20:00:06,502 [Worker-13] INFO  o.e.m.j.i.AbstractJavaProjectConfigurator - Adding source folder /EmployeeService/src/test/java
2017-06-06 20:00:06,623 [Worker-13] INFO  o.e.m.c.i.p.ProjectConfigurationManager - Imported and configured 1 project(s) in 0 sec
2017-06-06 20:00:06,953 [Worker-14] INFO  o.e.m.c.i.embedder.EclipseLogger - Using 'UTF-8' encoding to copy filtered resources.
2017-06-06 20:00:06,954 [Worker-14] INFO  o.e.m.c.i.embedder.EclipseLogger - skip non existing resourceDirectory C:\Users\sandeep madineni\Desktop\JAVA-IMCS Training\Advanced-Java\EmployeeService\src\main\resources
2017-06-06 20:00:06,973 [Worker-14] INFO  o.e.m.c.i.embedder.EclipseLogger - Using 'UTF-8' encoding to copy filtered resources.
2017-06-06 20:00:06,974 [Worker-14] INFO  o.e.m.c.i.embedder.EclipseLogger - skip non existing resourceDirectory C:\Users\sandeep madineni\Desktop\JAVA-IMCS Training\Advanced-Java\EmployeeService\src\test\resources
2017-06-06 20:00:28,925 [Worker-7] INFO  o.e.m.c.i.p.ProjectConfigurationManager - Collecting project info '/pom.xml' C:\Users\sandeep madineni\Desktop\JAVA-IMCS Training\Advanced-Java\EmployeeAPP\pom.xml
2017-06-06 20:00:29,106 [Worker-7] INFO  o.e.m.c.i.l.LifecycleMappingFactory - Using org.eclipse.m2e.jdt.JarLifecycleMapping lifecycle mapping for MavenProject: com.employeeApp:EmployeeAPP:0.0.1-SNAPSHOT @ C:\Users\sandeep madineni\Desktop\JAVA-IMCS Training\Advanced-Java\EmployeeAPP\pom.xml.
2017-06-06 20:00:29,251 [Worker-7] INFO  o.e.m.j.i.AbstractJavaProjectConfigurator - Adding source folder /EmployeeAPP/src/main/java
2017-06-06 20:00:29,260 [Worker-7] INFO  o.e.m.j.i.AbstractJavaProjectConfigurator - Adding source folder /EmployeeAPP/src/test/java
2017-06-06 20:00:29,328 [Worker-7] INFO  o.e.m.c.i.p.ProjectConfigurationManager - Imported and configured 1 project(s) in 0 sec
2017-06-06 20:00:29,779 [Worker-15] INFO  o.e.m.c.i.embedder.EclipseLogger - Using 'UTF-8' encoding to copy filtered resources.
2017-06-06 20:00:29,788 [Worker-15] INFO  o.e.m.c.i.embedder.EclipseLogger - skip non existing resourceDirectory C:\Users\sandeep madineni\Desktop\JAVA-IMCS Training\Advanced-Java\EmployeeAPP\src\main\resources
2017-06-06 20:00:29,791 [Worker-15] INFO  o.e.m.c.i.embedder.EclipseLogger - Using 'UTF-8' encoding to copy filtered resources.
2017-06-06 20:00:29,798 [Worker-15] INFO  o.e.m.c.i.embedder.EclipseLogger - skip non existing resourceDirectory C:\Users\sandeep madineni\Desktop\JAVA-IMCS Training\Advanced-Java\EmployeeAPP\src\test\resources
2017-06-06 20:02:19,452 [Worker-14] INFO  o.e.m.c.i.l.LifecycleMappingFactory - Using org.eclipse.m2e.jdt.JarLifecycleMapping lifecycle mapping for MavenProject: com.employeeservice:EmployeeService:0.0.1-SNAPSHOT @ C:\Users\sandeep madineni\Desktop\JAVA-IMCS Training\Advanced-Java\EmployeeService\pom.xml.
2017-06-06 20:02:19,669 [Worker-14] INFO  o.e.m.c.i.embedder.EclipseLogger - Using 'UTF-8' encoding to copy filtered resources.
2017-06-06 20:02:19,673 [Worker-14] INFO  o.e.m.c.i.embedder.EclipseLogger - skip non existing resourceDirectory C:\Users\sandeep madineni\Desktop\JAVA-IMCS Training\Advanced-Java\EmployeeService\src\main\resources
2017-06-06 20:02:19,679 [Worker-14] INFO  o.e.m.c.i.embedder.EclipseLogger - Using 'UTF-8' encoding to copy filtered resources.
2017-06-06 20:02:19,679 [Worker-14] INFO  o.e.m.c.i.embedder.EclipseLogger - skip non existing resourceDirectory C:\Users\sandeep madineni\Desktop\JAVA-IMCS Training\Advanced-Java\EmployeeService\src\test\resources
2017-06-06 20:02:20,889 [Worker-7] INFO  o.e.m.c.i.embedder.EclipseLogger - Using 'UTF-8' encoding to copy filtered resources.
2017-06-06 20:02:20,889 [Worker-7] INFO  o.e.m.c.i.embedder.EclipseLogger - skip non existing resourceDirectory C:\Users\sandeep madineni\Desktop\JAVA-IMCS Training\Advanced-Java\EmployeeService\src\main\resources
2017-06-06 20:02:20,891 [Worker-7] INFO  o.e.m.c.i.embedder.EclipseLogger - Using 'UTF-8' encoding to copy filtered resources.
2017-06-06 20:02:20,891 [Worker-7] INFO  o.e.m.c.i.embedder.EclipseLogger - skip non existing resourceDirectory C:\Users\sandeep madineni\Desktop\JAVA-IMCS Training\Advanced-Java\EmployeeService\src\test\resources
2017-06-06 20:02:49,270 [Worker-14] INFO  o.e.m.c.i.l.LifecycleMappingFactory - Using org.eclipse.m2e.jdt.JarLifecycleMapping lifecycle mapping for MavenProject: com.employeeApp:EmployeeAPP:0.0.1-SNAPSHOT @ C:\Users\sandeep madineni\Desktop\JAVA-IMCS Training\Advanced-Java\EmployeeAPP\pom.xml.
2017-06-06 20:02:49,526 [Worker-14] INFO  o.e.m.c.i.embedder.EclipseLogger - Using 'UTF-8' encoding to copy filtered resources.
2017-06-06 20:02:49,538 [Worker-14] INFO  o.e.m.c.i.embedder.EclipseLogger - skip non existing resourceDirectory C:\Users\sandeep madineni\Desktop\JAVA-IMCS Training\Advanced-Java\EmployeeAPP\src\main\resources
2017-06-06 20:02:49,564 [Worker-14] INFO  o.e.m.c.i.embedder.EclipseLogger - Using 'UTF-8' encoding to copy filtered resources.
2017-06-06 20:02:49,578 [Worker-14] INFO  o.e.m.c.i.embedder.EclipseLogger - skip non existing resourceDirectory C:\Users\sandeep madineni\Desktop\JAVA-IMCS Training\Advanced-Java\EmployeeAPP\src\test\resources
2017-06-06 20:02:50,747 [Worker-14] INFO  o.e.m.c.i.embedder.EclipseLogger - Using 'UTF-8' encoding to copy filtered resources.
2017-06-06 20:02:50,747 [Worker-14] INFO  o.e.m.c.i.embedder.EclipseLogger - skip non existing resourceDirectory C:\Users\sandeep madineni\Desktop\JAVA-IMCS Training\Advanced-Java\EmployeeAPP\src\main\resources
2017-06-06 20:02:50,748 [Worker-14] INFO  o.e.m.c.i.embedder.EclipseLogger - Using 'UTF-8' encoding to copy filtered resources.
2017-06-06 20:02:50,752 [Worker-14] INFO  o.e.m.c.i.embedder.EclipseLogger - skip non existing resourceDirectory C:\Users\sandeep madineni\Desktop\JAVA-IMCS Training\Advanced-Java\EmployeeAPP\src\test\resources
2017-06-06 20:03:36,284 [Worker-7] INFO  o.e.m.c.i.embedder.EclipseLogger - Using 'UTF-8' encoding to copy filtered resources.
2017-06-06 20:03:36,304 [Worker-7] INFO  o.e.m.c.i.embedder.EclipseLogger - skip non existing resourceDirectory C:\Users\sandeep madineni\Desktop\JAVA-IMCS Training\Advanced-Java\EmployeeDAO\src\main\resources
2017-06-06 20:03:36,319 [Worker-7] INFO  o.e.m.c.i.embedder.EclipseLogger - Using 'UTF-8' encoding to copy filtered resources.
2017-06-06 20:03:36,331 [Worker-7] INFO  o.e.m.c.i.embedder.EclipseLogger - skip non existing resourceDirectory C:\Users\sandeep madineni\Desktop\JAVA-IMCS Training\Advanced-Java\EmployeeDAO\src\test\resources
2017-06-06 20:03:37,609 [Worker-15] INFO  o.e.m.c.i.embedder.EclipseLogger - Using 'UTF-8' encoding to copy filtered resources.
2017-06-06 20:03:37,609 [Worker-15] INFO  o.e.m.c.i.embedder.EclipseLogger - skip non existing resourceDirectory C:\Users\sandeep madineni\Desktop\JAVA-IMCS Training\Advanced-Java\EmployeeDAO\src\main\resources
2017-06-06 20:03:37,612 [Worker-15] INFO  o.e.m.c.i.embedder.EclipseLogger - Using 'UTF-8' encoding to copy filtered resources.
2017-06-06 20:03:37,626 [Worker-15] INFO  o.e.m.c.i.embedder.EclipseLogger - skip non existing resourceDirectory C:\Users\sandeep madineni\Desktop\JAVA-IMCS Training\Advanced-Java\EmployeeDAO\src\test\resources
2017-06-06 20:03:37,643 [Worker-15] INFO  o.e.m.c.i.embedder.EclipseLogger - Using 'UTF-8' encoding to copy filtered resources.
2017-06-06 20:03:37,661 [Worker-15] INFO  o.e.m.c.i.embedder.EclipseLogger - skip non existing resourceDirectory C:\Users\sandeep madineni\Desktop\JAVA-IMCS Training\Advanced-Java\EmployeeService\src\main\resources
2017-06-06 20:03:37,663 [Worker-15] INFO  o.e.m.c.i.embedder.EclipseLogger - Using 'UTF-8' encoding to copy filtered resources.
2017-06-06 20:03:37,681 [Worker-15] INFO  o.e.m.c.i.embedder.EclipseLogger - skip non existing resourceDirectory C:\Users\sandeep madineni\Desktop\JAVA-IMCS Training\Advanced-Java\EmployeeService\src\test\resources
2017-06-06 20:03:37,689 [Worker-15] INFO  o.e.m.c.i.embedder.EclipseLogger - Using 'UTF-8' encoding to copy filtered resources.
2017-06-06 20:03:37,690 [Worker-15] INFO  o.e.m.c.i.embedder.EclipseLogger - skip non existing resourceDirectory C:\Users\sandeep madineni\Desktop\JAVA-IMCS Training\Advanced-Java\EmployeeAPP\src\main\resources
2017-06-06 20:03:37,691 [Worker-15] INFO  o.e.m.c.i.embedder.EclipseLogger - Using 'UTF-8' encoding to copy filtered resources.
2017-06-06 20:03:37,691 [Worker-15] INFO  o.e.m.c.i.embedder.EclipseLogger - skip non existing resourceDirectory C:\Users\sandeep madineni\Desktop\JAVA-IMCS Training\Advanced-Java\EmployeeAPP\src\test\resources
2017-06-06 20:05:28,215 [Worker-13] INFO  o.e.m.c.i.embedder.EclipseLogger - Using 'UTF-8' encoding to copy filtered resources.
2017-06-06 20:05:28,215 [Worker-13] INFO  o.e.m.c.i.embedder.EclipseLogger - skip non existing resourceDirectory C:\Users\sandeep madineni\Desktop\JAVA-IMCS Training\Advanced-Java\EmployeeAPP\src\main\resources
2017-06-06 20:05:28,219 [Worker-13] INFO  o.e.m.c.i.embedder.EclipseLogger - Using 'UTF-8' encoding to copy filtered resources.
2017-06-06 20:05:28,244 [Worker-13] INFO  o.e.m.c.i.embedder.EclipseLogger - skip non existing resourceDirectory C:\Users\sandeep madineni\Desktop\JAVA-IMCS Training\Advanced-Java\EmployeeAPP\src\test\resources
2017-06-06 20:05:40,875 [Worker-7] INFO  o.e.m.c.i.embedder.EclipseLogger - Using 'UTF-8' encoding to copy filtered resources.
2017-06-06 20:05:40,894 [Worker-7] INFO  o.e.m.c.i.embedder.EclipseLogger - skip non existing resourceDirectory C:\Users\sandeep madineni\Desktop\JAVA-IMCS Training\Advanced-Java\EmployeeAPP\src\main\resources
2017-06-06 20:05:40,900 [Worker-7] INFO  o.e.m.c.i.embedder.EclipseLogger - Using 'UTF-8' encoding to copy filtered resources.
2017-06-06 20:05:40,906 [Worker-7] INFO  o.e.m.c.i.embedder.EclipseLogger - skip non existing resourceDirectory C:\Users\sandeep madineni\Desktop\JAVA-IMCS Training\Advanced-Java\EmployeeAPP\src\test\resources
2017-06-06 20:06:00,231 [Worker-7] INFO  o.e.m.c.i.embedder.EclipseLogger - Using 'UTF-8' encoding to copy filtered resources.
2017-06-06 20:06:00,231 [Worker-7] INFO  o.e.m.c.i.embedder.EclipseLogger - skip non existing resourceDirectory C:\Users\sandeep madineni\Desktop\JAVA-IMCS Training\Advanced-Java\EmployeeAPP\src\main\resources
2017-06-06 20:06:00,232 [Worker-7] INFO  o.e.m.c.i.embedder.EclipseLogger - Using 'UTF-8' encoding to copy filtered resources.
2017-06-06 20:06:00,258 [Worker-7] INFO  o.e.m.c.i.embedder.EclipseLogger - skip non existing resourceDirectory C:\Users\sandeep madineni\Desktop\JAVA-IMCS Training\Advanced-Java\EmployeeAPP\src\test\resources
2017-06-06 20:06:05,160 [Worker-14] INFO  o.e.m.c.i.embedder.EclipseLogger - Using 'UTF-8' encoding to copy filtered resources.
2017-06-06 20:06:05,166 [Worker-14] INFO  o.e.m.c.i.embedder.EclipseLogger - skip non existing resourceDirectory C:\Users\sandeep madineni\Desktop\JAVA-IMCS Training\Advanced-Java\EmployeeAPP\src\main\resources
2017-06-06 20:06:05,177 [Worker-14] INFO  o.e.m.c.i.embedder.EclipseLogger - Using 'UTF-8' encoding to copy filtered resources.
2017-06-06 20:06:05,188 [Worker-14] INFO  o.e.m.c.i.embedder.EclipseLogger - skip non existing resourceDirectory C:\Users\sandeep madineni\Desktop\JAVA-IMCS Training\Advanced-Java\EmployeeAPP\src\test\resources
2017-06-06 20:06:44,523 [Worker-13] INFO  o.e.m.c.i.embedder.EclipseLogger - Using 'UTF-8' encoding to copy filtered resources.
2017-06-06 20:06:44,523 [Worker-13] INFO  o.e.m.c.i.embedder.EclipseLogger - skip non existing resourceDirectory C:\Users\sandeep madineni\Desktop\JAVA-IMCS Training\Advanced-Java\EmployeeAPP\src\main\resources
2017-06-06 20:06:44,527 [Worker-13] INFO  o.e.m.c.i.embedder.EclipseLogger - Using 'UTF-8' encoding to copy filtered resources.
2017-06-06 20:06:44,544 [Worker-13] INFO  o.e.m.c.i.embedder.EclipseLogger - skip non existing resourceDirectory C:\Users\sandeep madineni\Desktop\JAVA-IMCS Training\Advanced-Java\EmployeeAPP\src\test\resources
2017-06-06 20:07:43,812 [Worker-15] INFO  o.e.m.c.i.embedder.EclipseLogger - Using 'UTF-8' encoding to copy filtered resources.
2017-06-06 20:07:43,818 [Worker-15] INFO  o.e.m.c.i.embedder.EclipseLogger - skip non existing resourceDirectory C:\Users\sandeep madineni\Desktop\JAVA-IMCS Training\Advanced-Java\EmployeeService\src\main\resources
2017-06-06 20:07:43,825 [Worker-15] INFO  o.e.m.c.i.embedder.EclipseLogger - Using 'UTF-8' encoding to copy filtered resources.
2017-06-06 20:07:43,832 [Worker-15] INFO  o.e.m.c.i.embedder.EclipseLogger - skip non existing resourceDirectory C:\Users\sandeep madineni\Desktop\JAVA-IMCS Training\Advanced-Java\EmployeeService\src\test\resources
2017-06-06 20:07:58,426 [Worker-13] INFO  o.e.m.c.i.embedder.EclipseLogger - Using 'UTF-8' encoding to copy filtered resources.
2017-06-06 20:07:58,426 [Worker-13] INFO  o.e.m.c.i.embedder.EclipseLogger - skip non existing resourceDirectory C:\Users\sandeep madineni\Desktop\JAVA-IMCS Training\Advanced-Java\EmployeeService\src\main\resources
2017-06-06 20:07:58,428 [Worker-13] INFO  o.e.m.c.i.embedder.EclipseLogger - Using 'UTF-8' encoding to copy filtered resources.
2017-06-06 20:07:58,435 [Worker-13] INFO  o.e.m.c.i.embedder.EclipseLogger - skip non existing resourceDirectory C:\Users\sandeep madineni\Desktop\JAVA-IMCS Training\Advanced-Java\EmployeeService\src\test\resources
2017-06-06 20:08:18,220 [Worker-16] INFO  o.e.m.c.i.embedder.EclipseLogger - Using 'UTF-8' encoding to copy filtered resources.
2017-06-06 20:08:18,229 [Worker-16] INFO  o.e.m.c.i.embedder.EclipseLogger - skip non existing resourceDirectory C:\Users\sandeep madineni\Desktop\JAVA-IMCS Training\Advanced-Java\EmployeeService\src\main\resources
2017-06-06 20:08:18,237 [Worker-16] INFO  o.e.m.c.i.embedder.EclipseLogger - Using 'UTF-8' encoding to copy filtered resources.
2017-06-06 20:08:18,243 [Worker-16] INFO  o.e.m.c.i.embedder.EclipseLogger - skip non existing resourceDirectory C:\Users\sandeep madineni\Desktop\JAVA-IMCS Training\Advanced-Java\EmployeeService\src\test\resources
2017-06-06 20:08:25,317 [Worker-18] INFO  o.e.m.c.i.embedder.EclipseLogger - Using 'UTF-8' encoding to copy filtered resources.
2017-06-06 20:08:25,318 [Worker-18] INFO  o.e.m.c.i.embedder.EclipseLogger - skip non existing resourceDirectory C:\Users\sandeep madineni\Desktop\JAVA-IMCS Training\Advanced-Java\EmployeeService\src\main\resources
2017-06-06 20:08:25,320 [Worker-18] INFO  o.e.m.c.i.embedder.EclipseLogger - Using 'UTF-8' encoding to copy filtered resources.
2017-06-06 20:08:25,332 [Worker-18] INFO  o.e.m.c.i.embedder.EclipseLogger - skip non existing resourceDirectory C:\Users\sandeep madineni\Desktop\JAVA-IMCS Training\Advanced-Java\EmployeeService\src\test\resources
2017-06-06 20:08:38,208 [Worker-15] INFO  o.e.m.c.i.embedder.EclipseLogger - Using 'UTF-8' encoding to copy filtered resources.
2017-06-06 20:08:38,216 [Worker-15] INFO  o.e.m.c.i.embedder.EclipseLogger - skip non existing resourceDirectory C:\Users\sandeep madineni\Desktop\JAVA-IMCS Training\Advanced-Java\EmployeeService\src\main\resources
2017-06-06 20:08:38,222 [Worker-15] INFO  o.e.m.c.i.embedder.EclipseLogger - Using 'UTF-8' encoding to copy filtered resources.
2017-06-06 20:08:38,230 [Worker-15] INFO  o.e.m.c.i.embedder.EclipseLogger - skip non existing resourceDirectory C:\Users\sandeep madineni\Desktop\JAVA-IMCS Training\Advanced-Java\EmployeeService\src\test\resources
2017-06-06 20:08:49,453 [Worker-18] INFO  o.e.m.c.i.embedder.EclipseLogger - Using 'UTF-8' encoding to copy filtered resources.
2017-06-06 20:08:49,453 [Worker-18] INFO  o.e.m.c.i.embedder.EclipseLogger - skip non existing resourceDirectory C:\Users\sandeep madineni\Desktop\JAVA-IMCS Training\Advanced-Java\EmployeeService\src\main\resources
2017-06-06 20:08:49,455 [Worker-18] INFO  o.e.m.c.i.embedder.EclipseLogger - Using 'UTF-8' encoding to copy filtered resources.
2017-06-06 20:08:49,461 [Worker-18] INFO  o.e.m.c.i.embedder.EclipseLogger - skip non existing resourceDirectory C:\Users\sandeep madineni\Desktop\JAVA-IMCS Training\Advanced-Java\EmployeeService\src\test\resources
2017-06-06 20:09:04,240 [Worker-14] INFO  o.e.m.c.i.embedder.EclipseLogger - Using 'UTF-8' encoding to copy filtered resources.
2017-06-06 20:09:04,247 [Worker-14] INFO  o.e.m.c.i.embedder.EclipseLogger - skip non existing resourceDirectory C:\Users\sandeep madineni\Desktop\JAVA-IMCS Training\Advanced-Java\EmployeeService\src\main\resources
2017-06-06 20:09:04,253 [Worker-14] INFO  o.e.m.c.i.embedder.EclipseLogger - Using 'UTF-8' encoding to copy filtered resources.
2017-06-06 20:09:04,257 [Worker-14] INFO  o.e.m.c.i.embedder.EclipseLogger - skip non existing resourceDirectory C:\Users\sandeep madineni\Desktop\JAVA-IMCS Training\Advanced-Java\EmployeeService\src\test\resources
2017-06-06 20:09:27,456 [Worker-7] INFO  o.e.m.c.i.embedder.EclipseLogger - Using 'UTF-8' encoding to copy filtered resources.
2017-06-06 20:09:27,456 [Worker-7] INFO  o.e.m.c.i.embedder.EclipseLogger - skip non existing resourceDirectory C:\Users\sandeep madineni\Desktop\JAVA-IMCS Training\Advanced-Java\EmployeeDAO\src\main\resources
2017-06-06 20:09:27,457 [Worker-7] INFO  o.e.m.c.i.embedder.EclipseLogger - Using 'UTF-8' encoding to copy filtered resources.
2017-06-06 20:09:27,466 [Worker-7] INFO  o.e.m.c.i.embedder.EclipseLogger - skip non existing resourceDirectory C:\Users\sandeep madineni\Desktop\JAVA-IMCS Training\Advanced-Java\EmployeeDAO\src\test\resources
2017-06-06 20:09:35,043 [Worker-19] INFO  o.e.m.c.i.embedder.EclipseLogger - Using 'UTF-8' encoding to copy filtered resources.
2017-06-06 20:09:35,065 [Worker-19] INFO  o.e.m.c.i.embedder.EclipseLogger - skip non existing resourceDirectory C:\Users\sandeep madineni\Desktop\JAVA-IMCS Training\Advanced-Java\EmployeeDAO\src\main\resources
2017-06-06 20:09:35,073 [Worker-19] INFO  o.e.m.c.i.embedder.EclipseLogger - Using 'UTF-8' encoding to copy filtered resources.
2017-06-06 20:09:35,086 [Worker-19] INFO  o.e.m.c.i.embedder.EclipseLogger - skip non existing resourceDirectory C:\Users\sandeep madineni\Desktop\JAVA-IMCS Training\Advanced-Java\EmployeeDAO\src\test\resources
2017-06-06 20:09:37,628 [Worker-14] INFO  o.e.m.c.i.embedder.EclipseLogger - Using 'UTF-8' encoding to copy filtered resources.
2017-06-06 20:09:37,629 [Worker-14] INFO  o.e.m.c.i.embedder.EclipseLogger - skip non existing resourceDirectory C:\Users\sandeep madineni\Desktop\JAVA-IMCS Training\Advanced-Java\EmployeeDAO\src\main\resources
2017-06-06 20:09:37,629 [Worker-14] INFO  o.e.m.c.i.embedder.EclipseLogger - Using 'UTF-8' encoding to copy filtered resources.
2017-06-06 20:09:37,633 [Worker-14] INFO  o.e.m.c.i.embedder.EclipseLogger - skip non existing resourceDirectory C:\Users\sandeep madineni\Desktop\JAVA-IMCS Training\Advanced-Java\EmployeeDAO\src\test\resources
2017-06-06 20:09:47,255 [Worker-19] INFO  o.e.m.c.i.embedder.EclipseLogger - Using 'UTF-8' encoding to copy filtered resources.
2017-06-06 20:09:47,261 [Worker-19] INFO  o.e.m.c.i.embedder.EclipseLogger - skip non existing resourceDirectory C:\Users\sandeep madineni\Desktop\JAVA-IMCS Training\Advanced-Java\EmployeeDAO\src\main\resources
2017-06-06 20:09:47,269 [Worker-19] INFO  o.e.m.c.i.embedder.EclipseLogger - Using 'UTF-8' encoding to copy filtered resources.
2017-06-06 20:09:47,274 [Worker-19] INFO  o.e.m.c.i.embedder.EclipseLogger - skip non existing resourceDirectory C:\Users\sandeep madineni\Desktop\JAVA-IMCS Training\Advanced-Java\EmployeeDAO\src\test\resources
2017-06-06 20:09:56,413 [Worker-13] INFO  o.e.m.c.i.embedder.EclipseLogger - Using 'UTF-8' encoding to copy filtered resources.
2017-06-06 20:09:56,413 [Worker-13] INFO  o.e.m.c.i.embedder.EclipseLogger - skip non existing resourceDirectory C:\Users\sandeep madineni\Desktop\JAVA-IMCS Training\Advanced-Java\EmployeeDAO\src\main\resources
2017-06-06 20:09:56,414 [Worker-13] INFO  o.e.m.c.i.embedder.EclipseLogger - Using 'UTF-8' encoding to copy filtered resources.
2017-06-06 20:09:56,421 [Worker-13] INFO  o.e.m.c.i.embedder.EclipseLogger - skip non existing resourceDirectory C:\Users\sandeep madineni\Desktop\JAVA-IMCS Training\Advanced-Java\EmployeeDAO\src\test\resources
2017-06-06 20:10:36,988 [Worker-10] INFO  o.e.m.c.i.embedder.EclipseLogger - Using 'UTF-8' encoding to copy filtered resources.
2017-06-06 20:10:36,994 [Worker-10] INFO  o.e.m.c.i.embedder.EclipseLogger - skip non existing resourceDirectory C:\Users\sandeep madineni\Desktop\JAVA-IMCS Training\Advanced-Java\EmployeeDAO\src\main\resources
2017-06-06 20:10:37,002 [Worker-10] INFO  o.e.m.c.i.embedder.EclipseLogger - Using 'UTF-8' encoding to copy filtered resources.
2017-06-06 20:10:37,006 [Worker-10] INFO  o.e.m.c.i.embedder.EclipseLogger - skip non existing resourceDirectory C:\Users\sandeep madineni\Desktop\JAVA-IMCS Training\Advanced-Java\EmployeeDAO\src\test\resources
2017-06-06 20:10:46,626 [Worker-14] INFO  o.e.m.c.i.embedder.EclipseLogger - Using 'UTF-8' encoding to copy filtered resources.
2017-06-06 20:10:46,627 [Worker-14] INFO  o.e.m.c.i.embedder.EclipseLogger - skip non existing resourceDirectory C:\Users\sandeep madineni\Desktop\JAVA-IMCS Training\Advanced-Java\EmployeeDAO\src\main\resources
2017-06-06 20:10:46,628 [Worker-14] INFO  o.e.m.c.i.embedder.EclipseLogger - Using 'UTF-8' encoding to copy filtered resources.
2017-06-06 20:10:46,633 [Worker-14] INFO  o.e.m.c.i.embedder.EclipseLogger - skip non existing resourceDirectory C:\Users\sandeep madineni\Desktop\JAVA-IMCS Training\Advanced-Java\EmployeeDAO\src\test\resources
2017-06-06 20:11:06,005 [Worker-13] INFO  o.e.m.c.i.embedder.EclipseLogger - Using 'UTF-8' encoding to copy filtered resources.
2017-06-06 20:11:06,012 [Worker-13] INFO  o.e.m.c.i.embedder.EclipseLogger - skip non existing resourceDirectory C:\Users\sandeep madineni\Desktop\JAVA-IMCS Training\Advanced-Java\EmployeeService\src\main\resources
2017-06-06 20:11:06,023 [Worker-13] INFO  o.e.m.c.i.embedder.EclipseLogger - Using 'UTF-8' encoding to copy filtered resources.
2017-06-06 20:11:06,038 [Worker-13] INFO  o.e.m.c.i.embedder.EclipseLogger - skip non existing resourceDirectory C:\Users\sandeep madineni\Desktop\JAVA-IMCS Training\Advanced-Java\EmployeeService\src\test\resources
2017-06-06 20:11:30,343 [Worker-7] INFO  o.e.m.c.i.embedder.EclipseLogger - Using 'UTF-8' encoding to copy filtered resources.
2017-06-06 20:11:30,343 [Worker-7] INFO  o.e.m.c.i.embedder.EclipseLogger - skip non existing resourceDirectory C:\Users\sandeep madineni\Desktop\JAVA-IMCS Training\Advanced-Java\EmployeeService\src\main\resources
2017-06-06 20:11:30,344 [Worker-7] INFO  o.e.m.c.i.embedder.EclipseLogger - Using 'UTF-8' encoding to copy filtered resources.
2017-06-06 20:11:30,350 [Worker-7] INFO  o.e.m.c.i.embedder.EclipseLogger - skip non existing resourceDirectory C:\Users\sandeep madineni\Desktop\JAVA-IMCS Training\Advanced-Java\EmployeeService\src\test\resources
2017-06-06 20:13:10,473 [Worker-18] INFO  o.e.m.c.i.embedder.EclipseLogger - Using 'UTF-8' encoding to copy filtered resources.
2017-06-06 20:13:10,481 [Worker-18] INFO  o.e.m.c.i.embedder.EclipseLogger - skip non existing resourceDirectory C:\Users\sandeep madineni\Desktop\JAVA-IMCS Training\Advanced-Java\EmployeeAPP\src\main\resources
2017-06-06 20:13:10,490 [Worker-18] INFO  o.e.m.c.i.embedder.EclipseLogger - Using 'UTF-8' encoding to copy filtered resources.
2017-06-06 20:13:10,498 [Worker-18] INFO  o.e.m.c.i.embedder.EclipseLogger - skip non existing resourceDirectory C:\Users\sandeep madineni\Desktop\JAVA-IMCS Training\Advanced-Java\EmployeeAPP\src\test\resources
2017-06-06 20:14:04,842 [Worker-17] INFO  o.e.m.c.i.embedder.EclipseLogger - Using 'UTF-8' encoding to copy filtered resources.
2017-06-06 20:14:04,842 [Worker-17] INFO  o.e.m.c.i.embedder.EclipseLogger - skip non existing resourceDirectory C:\Users\sandeep madineni\Desktop\JAVA-IMCS Training\Advanced-Java\EmployeeAPP\src\main\resources
2017-06-06 20:14:04,844 [Worker-17] INFO  o.e.m.c.i.embedder.EclipseLogger - Using 'UTF-8' encoding to copy filtered resources.
2017-06-06 20:14:04,851 [Worker-17] INFO  o.e.m.c.i.embedder.EclipseLogger - skip non existing resourceDirectory C:\Users\sandeep madineni\Desktop\JAVA-IMCS Training\Advanced-Java\EmployeeAPP\src\test\resources
2017-06-06 20:14:53,829 [Worker-15] INFO  o.e.m.c.i.embedder.EclipseLogger - Using 'UTF-8' encoding to copy filtered resources.
2017-06-06 20:14:53,835 [Worker-15] INFO  o.e.m.c.i.embedder.EclipseLogger - skip non existing resourceDirectory C:\Users\sandeep madineni\Desktop\JAVA-IMCS Training\Advanced-Java\EmployeeAPP\src\main\resources
2017-06-06 20:14:53,841 [Worker-15] INFO  o.e.m.c.i.embedder.EclipseLogger - Using 'UTF-8' encoding to copy filtered resources.
2017-06-06 20:14:53,846 [Worker-15] INFO  o.e.m.c.i.embedder.EclipseLogger - skip non existing resourceDirectory C:\Users\sandeep madineni\Desktop\JAVA-IMCS Training\Advanced-Java\EmployeeAPP\src\test\resources
2017-06-06 20:20:08,329 [Worker-19] INFO  o.e.m.c.i.embedder.EclipseLogger - Using 'UTF-8' encoding to copy filtered resources.
2017-06-06 20:20:08,329 [Worker-19] INFO  o.e.m.c.i.embedder.EclipseLogger - skip non existing resourceDirectory C:\Users\sandeep madineni\Desktop\JAVA-IMCS Training\Advanced-Java\EmployeeService\src\main\resources
2017-06-06 20:20:08,329 [Worker-19] INFO  o.e.m.c.i.embedder.EclipseLogger - Using 'UTF-8' encoding to copy filtered resources.
2017-06-06 20:20:08,329 [Worker-19] INFO  o.e.m.c.i.embedder.EclipseLogger - skip non existing resourceDirectory C:\Users\sandeep madineni\Desktop\JAVA-IMCS Training\Advanced-Java\EmployeeService\src\test\resources
2017-06-06 20:20:08,436 [Worker-19] INFO  o.e.m.c.i.embedder.EclipseLogger - Using 'UTF-8' encoding to copy filtered resources.
2017-06-06 20:20:08,448 [Worker-19] INFO  o.e.m.c.i.embedder.EclipseLogger - skip non existing resourceDirectory C:\Users\sandeep madineni\Desktop\JAVA-IMCS Training\Advanced-Java\EmployeeAPP\src\main\resources
2017-06-06 20:20:08,450 [Worker-19] INFO  o.e.m.c.i.embedder.EclipseLogger - Using 'UTF-8' encoding to copy filtered resources.
2017-06-06 20:20:08,463 [Worker-19] INFO  o.e.m.c.i.embedder.EclipseLogger - skip non existing resourceDirectory C:\Users\sandeep madineni\Desktop\JAVA-IMCS Training\Advanced-Java\EmployeeAPP\src\test\resources
2017-06-06 20:20:15,031 [Worker-19] INFO  o.e.m.c.i.embedder.EclipseLogger - Using 'UTF-8' encoding to copy filtered resources.
2017-06-06 20:20:15,032 [Worker-19] INFO  o.e.m.c.i.embedder.EclipseLogger - skip non existing resourceDirectory C:\Users\sandeep madineni\Desktop\JAVA-IMCS Training\Advanced-Java\EmployeeDAO\src\main\resources
2017-06-06 20:20:15,033 [Worker-19] INFO  o.e.m.c.i.embedder.EclipseLogger - Using 'UTF-8' encoding to copy filtered resources.
2017-06-06 20:20:15,165 [Worker-19] INFO  o.e.m.c.i.embedder.EclipseLogger - skip non existing resourceDirectory C:\Users\sandeep madineni\Desktop\JAVA-IMCS Training\Advanced-Java\EmployeeDAO\src\test\resources
2017-06-06 20:20:15,276 [Worker-19] INFO  o.e.m.c.i.embedder.EclipseLogger - Using 'UTF-8' encoding to copy filtered resources.
2017-06-06 20:20:15,311 [Worker-19] INFO  o.e.m.c.i.embedder.EclipseLogger - skip non existing resourceDirectory C:\Users\sandeep madineni\Desktop\JAVA-IMCS Training\Advanced-Java\EmployeeAPP\src\main\resources
2017-06-06 20:20:15,327 [Worker-19] INFO  o.e.m.c.i.embedder.EclipseLogger - Using 'UTF-8' encoding to copy filtered resources.
2017-06-06 20:20:15,336 [Worker-19] INFO  o.e.m.c.i.embedder.EclipseLogger - skip non existing resourceDirectory C:\Users\sandeep madineni\Desktop\JAVA-IMCS Training\Advanced-Java\EmployeeAPP\src\test\resources
2017-06-06 20:20:37,283 [Worker-22] INFO  o.e.m.c.i.embedder.EclipseLogger - Using 'UTF-8' encoding to copy filtered resources.
2017-06-06 20:20:37,283 [Worker-22] INFO  o.e.m.c.i.embedder.EclipseLogger - skip non existing resourceDirectory C:\Users\sandeep madineni\Desktop\JAVA-IMCS Training\Advanced-Java\EmployeeService\src\main\resources
2017-06-06 20:20:37,283 [Worker-22] INFO  o.e.m.c.i.embedder.EclipseLogger - Using 'UTF-8' encoding to copy filtered resources.
2017-06-06 20:20:37,299 [Worker-22] INFO  o.e.m.c.i.embedder.EclipseLogger - skip non existing resourceDirectory C:\Users\sandeep madineni\Desktop\JAVA-IMCS Training\Advanced-Java\EmployeeService\src\test\resources
2017-06-06 20:21:29,074 [Worker-22] INFO  o.e.m.c.i.embedder.EclipseLogger - Using 'UTF-8' encoding to copy filtered resources.
2017-06-06 20:21:29,074 [Worker-22] INFO  o.e.m.c.i.embedder.EclipseLogger - skip non existing resourceDirectory C:\Users\sandeep madineni\Desktop\JAVA-IMCS Training\Advanced-Java\EmployeeService\src\main\resources
2017-06-06 20:21:29,089 [Worker-22] INFO  o.e.m.c.i.embedder.EclipseLogger - Using 'UTF-8' encoding to copy filtered resources.
2017-06-06 20:21:29,089 [Worker-22] INFO  o.e.m.c.i.embedder.EclipseLogger - skip non existing resourceDirectory C:\Users\sandeep madineni\Desktop\JAVA-IMCS Training\Advanced-Java\EmployeeService\src\test\resources
2017-06-06 20:23:01,748 [Worker-23] INFO  o.e.m.c.i.embedder.EclipseLogger - Using 'UTF-8' encoding to copy filtered resources.
2017-06-06 20:23:01,748 [Worker-23] INFO  o.e.m.c.i.embedder.EclipseLogger - skip non existing resourceDirectory C:\Users\sandeep madineni\Desktop\JAVA-IMCS Training\Advanced-Java\EmployeeAPP\src\main\resources
2017-06-06 20:23:01,748 [Worker-23] INFO  o.e.m.c.i.embedder.EclipseLogger - Using 'UTF-8' encoding to copy filtered resources.
2017-06-06 20:23:01,764 [Worker-23] INFO  o.e.m.c.i.embedder.EclipseLogger - skip non existing resourceDirectory C:\Users\sandeep madineni\Desktop\JAVA-IMCS Training\Advanced-Java\EmployeeAPP\src\test\resources
2017-06-06 20:24:22,703 [Worker-20] INFO  o.e.m.c.i.embedder.EclipseLogger - Using 'UTF-8' encoding to copy filtered resources.
2017-06-06 20:24:22,703 [Worker-20] INFO  o.e.m.c.i.embedder.EclipseLogger - skip non existing resourceDirectory C:\Users\sandeep madineni\Desktop\JAVA-IMCS Training\Advanced-Java\EmployeeAPP\src\main\resources
2017-06-06 20:24:22,724 [Worker-20] INFO  o.e.m.c.i.embedder.EclipseLogger - Using 'UTF-8' encoding to copy filtered resources.
2017-06-06 20:24:22,725 [Worker-20] INFO  o.e.m.c.i.embedder.EclipseLogger - skip non existing resourceDirectory C:\Users\sandeep madineni\Desktop\JAVA-IMCS Training\Advanced-Java\EmployeeAPP\src\test\resources
2017-06-06 20:24:43,011 [Worker-22] INFO  o.e.m.c.i.p.ProjectConfigurationManager - Update started
2017-06-06 20:24:44,297 [Worker-22] INFO  o.e.m.c.i.l.LifecycleMappingFactory - Using org.eclipse.m2e.jdt.JarLifecycleMapping lifecycle mapping for MavenProject: com.employeeApp:EmployeeAPP:0.0.1-SNAPSHOT @ C:\Users\sandeep madineni\Desktop\JAVA-IMCS Training\Advanced-Java\EmployeeAPP\pom.xml.
2017-06-06 20:24:44,397 [Worker-22] INFO  o.e.m.c.i.l.LifecycleMappingFactory - Using org.eclipse.m2e.jdt.JarLifecycleMapping lifecycle mapping for MavenProject: com.employeedao:EmployeeDAO:0.0.1-SNAPSHOT @ C:\Users\sandeep madineni\Desktop\JAVA-IMCS Training\Advanced-Java\EmployeeDAO\pom.xml.
2017-06-06 20:24:44,450 [Worker-22] INFO  o.e.m.c.i.l.LifecycleMappingFactory - Using org.eclipse.m2e.jdt.JarLifecycleMapping lifecycle mapping for MavenProject: com.employeeservice:EmployeeService:0.0.1-SNAPSHOT @ C:\Users\sandeep madineni\Desktop\JAVA-IMCS Training\Advanced-Java\EmployeeService\pom.xml.
2017-06-06 20:24:45,030 [Worker-22] INFO  o.e.m.j.i.AbstractJavaProjectConfigurator - Adding source folder /EmployeeAPP/src/main/java
2017-06-06 20:24:45,030 [Worker-22] INFO  o.e.m.j.i.AbstractJavaProjectConfigurator - Adding source folder /EmployeeAPP/src/test/java
2017-06-06 20:24:45,083 [Worker-22] INFO  o.e.m.j.i.AbstractJavaProjectConfigurator - Adding source folder /EmployeeDAO/src/main/java
2017-06-06 20:24:45,083 [Worker-22] INFO  o.e.m.j.i.AbstractJavaProjectConfigurator - Adding source folder /EmployeeDAO/src/test/java
2017-06-06 20:24:45,130 [Worker-22] INFO  o.e.m.j.i.AbstractJavaProjectConfigurator - Adding source folder /EmployeeService/src/main/java
2017-06-06 20:24:45,130 [Worker-22] INFO  o.e.m.j.i.AbstractJavaProjectConfigurator - Adding source folder /EmployeeService/src/test/java
2017-06-06 20:24:45,361 [Worker-22] INFO  o.e.m.c.i.p.ProjectConfigurationManager - Update completed: 2 sec
2017-06-06 20:24:45,633 [Worker-22] INFO  o.e.m.c.i.embedder.EclipseLogger - Using 'UTF-8' encoding to copy filtered resources.
2017-06-06 20:24:45,633 [Worker-22] INFO  o.e.m.c.i.embedder.EclipseLogger - skip non existing resourceDirectory C:\Users\sandeep madineni\Desktop\JAVA-IMCS Training\Advanced-Java\EmployeeDAO\src\main\resources
2017-06-06 20:24:45,633 [Worker-22] INFO  o.e.m.c.i.embedder.EclipseLogger - Using 'UTF-8' encoding to copy filtered resources.
2017-06-06 20:24:45,633 [Worker-22] INFO  o.e.m.c.i.embedder.EclipseLogger - skip non existing resourceDirectory C:\Users\sandeep madineni\Desktop\JAVA-IMCS Training\Advanced-Java\EmployeeDAO\src\test\resources
2017-06-06 20:24:47,348 [Worker-18] INFO  o.e.m.c.i.embedder.EclipseLogger - Using 'UTF-8' encoding to copy filtered resources.
2017-06-06 20:24:47,348 [Worker-18] INFO  o.e.m.c.i.embedder.EclipseLogger - skip non existing resourceDirectory C:\Users\sandeep madineni\Desktop\JAVA-IMCS Training\Advanced-Java\EmployeeService\src\main\resources
2017-06-06 20:24:47,348 [Worker-18] INFO  o.e.m.c.i.embedder.EclipseLogger - Using 'UTF-8' encoding to copy filtered resources.
2017-06-06 20:24:47,348 [Worker-18] INFO  o.e.m.c.i.embedder.EclipseLogger - skip non existing resourceDirectory C:\Users\sandeep madineni\Desktop\JAVA-IMCS Training\Advanced-Java\EmployeeService\src\test\resources
2017-06-06 20:24:47,449 [Worker-18] INFO  o.e.m.c.i.embedder.EclipseLogger - Using 'UTF-8' encoding to copy filtered resources.
2017-06-06 20:24:47,449 [Worker-18] INFO  o.e.m.c.i.embedder.EclipseLogger - skip non existing resourceDirectory C:\Users\sandeep madineni\Desktop\JAVA-IMCS Training\Advanced-Java\EmployeeAPP\src\main\resources
2017-06-06 20:24:47,464 [Worker-18] INFO  o.e.m.c.i.embedder.EclipseLogger - Using 'UTF-8' encoding to copy filtered resources.
2017-06-06 20:24:47,464 [Worker-18] INFO  o.e.m.c.i.embedder.EclipseLogger - skip non existing resourceDirectory C:\Users\sandeep madineni\Desktop\JAVA-IMCS Training\Advanced-Java\EmployeeAPP\src\test\resources
2017-06-06 20:25:15,091 [Worker-21] INFO  o.e.m.c.i.p.ProjectConfigurationManager - Update started
2017-06-06 20:25:15,576 [Worker-21] INFO  o.e.m.c.i.l.LifecycleMappingFactory - Using org.eclipse.m2e.jdt.JarLifecycleMapping lifecycle mapping for MavenProject: com.employeeApp:EmployeeAPP:0.0.1-SNAPSHOT @ C:\Users\sandeep madineni\Desktop\JAVA-IMCS Training\Advanced-Java\EmployeeAPP\pom.xml.
2017-06-06 20:25:15,708 [Worker-21] INFO  o.e.m.c.i.l.LifecycleMappingFactory - Using org.eclipse.m2e.jdt.JarLifecycleMapping lifecycle mapping for MavenProject: com.employeedao:EmployeeDAO:0.0.1-SNAPSHOT @ C:\Users\sandeep madineni\Desktop\JAVA-IMCS Training\Advanced-Java\EmployeeDAO\pom.xml.
2017-06-06 20:25:15,777 [Worker-21] INFO  o.e.m.c.i.l.LifecycleMappingFactory - Using org.eclipse.m2e.jdt.JarLifecycleMapping lifecycle mapping for MavenProject: com.employeeservice:EmployeeService:0.0.1-SNAPSHOT @ C:\Users\sandeep madineni\Desktop\JAVA-IMCS Training\Advanced-Java\EmployeeService\pom.xml.
2017-06-06 20:25:16,150 [Worker-21] INFO  o.e.m.j.i.AbstractJavaProjectConfigurator - Adding source folder /EmployeeAPP/src/main/java
2017-06-06 20:25:16,158 [Worker-21] INFO  o.e.m.j.i.AbstractJavaProjectConfigurator - Adding source folder /EmployeeAPP/src/test/java
2017-06-06 20:25:16,208 [Worker-21] INFO  o.e.m.j.i.AbstractJavaProjectConfigurator - Adding source folder /EmployeeDAO/src/main/java
2017-06-06 20:25:16,209 [Worker-21] INFO  o.e.m.j.i.AbstractJavaProjectConfigurator - Adding source folder /EmployeeDAO/src/test/java
2017-06-06 20:25:16,253 [Worker-21] INFO  o.e.m.j.i.AbstractJavaProjectConfigurator - Adding source folder /EmployeeService/src/main/java
2017-06-06 20:25:16,253 [Worker-21] INFO  o.e.m.j.i.AbstractJavaProjectConfigurator - Adding source folder /EmployeeService/src/test/java
2017-06-06 20:25:16,453 [Worker-21] INFO  o.e.m.c.i.p.ProjectConfigurationManager - Update completed: 1 sec
2017-06-06 20:25:16,680 [Worker-30] INFO  o.e.m.c.i.embedder.EclipseLogger - Using 'UTF-8' encoding to copy filtered resources.
2017-06-06 20:25:16,689 [Worker-30] INFO  o.e.m.c.i.embedder.EclipseLogger - skip non existing resourceDirectory C:\Users\sandeep madineni\Desktop\JAVA-IMCS Training\Advanced-Java\EmployeeDAO\src\main\resources
2017-06-06 20:25:16,691 [Worker-30] INFO  o.e.m.c.i.embedder.EclipseLogger - Using 'UTF-8' encoding to copy filtered resources.
2017-06-06 20:25:16,691 [Worker-30] INFO  o.e.m.c.i.embedder.EclipseLogger - skip non existing resourceDirectory C:\Users\sandeep madineni\Desktop\JAVA-IMCS Training\Advanced-Java\EmployeeDAO\src\test\resources
2017-06-06 20:25:17,104 [Worker-30] INFO  o.e.m.c.i.embedder.EclipseLogger - Using 'UTF-8' encoding to copy filtered resources.
2017-06-06 20:25:17,125 [Worker-30] INFO  o.e.m.c.i.embedder.EclipseLogger - skip non existing resourceDirectory C:\Users\sandeep madineni\Desktop\JAVA-IMCS Training\Advanced-Java\EmployeeService\src\main\resources
2017-06-06 20:25:17,127 [Worker-30] INFO  o.e.m.c.i.embedder.EclipseLogger - Using 'UTF-8' encoding to copy filtered resources.
2017-06-06 20:25:17,127 [Worker-30] INFO  o.e.m.c.i.embedder.EclipseLogger - skip non existing resourceDirectory C:\Users\sandeep madineni\Desktop\JAVA-IMCS Training\Advanced-Java\EmployeeService\src\test\resources
2017-06-06 20:25:17,248 [Worker-30] INFO  o.e.m.c.i.embedder.EclipseLogger - Using 'UTF-8' encoding to copy filtered resources.
2017-06-06 20:25:17,255 [Worker-30] INFO  o.e.m.c.i.embedder.EclipseLogger - skip non existing resourceDirectory C:\Users\sandeep madineni\Desktop\JAVA-IMCS Training\Advanced-Java\EmployeeAPP\src\main\resources
2017-06-06 20:25:17,256 [Worker-30] INFO  o.e.m.c.i.embedder.EclipseLogger - Using 'UTF-8' encoding to copy filtered resources.
2017-06-06 20:25:17,256 [Worker-30] INFO  o.e.m.c.i.embedder.EclipseLogger - skip non existing resourceDirectory C:\Users\sandeep madineni\Desktop\JAVA-IMCS Training\Advanced-Java\EmployeeAPP\src\test\resources
2017-06-06 20:25:36,237 [Worker-30] INFO  o.e.m.c.i.embedder.EclipseLogger - Using 'UTF-8' encoding to copy filtered resources.
2017-06-06 20:25:36,253 [Worker-30] INFO  o.e.m.c.i.embedder.EclipseLogger - skip non existing resourceDirectory C:\Users\sandeep madineni\Desktop\JAVA-IMCS Training\Advanced-Java\EmployeeService\src\main\resources
2017-06-06 20:25:36,253 [Worker-30] INFO  o.e.m.c.i.embedder.EclipseLogger - Using 'UTF-8' encoding to copy filtered resources.
2017-06-06 20:25:36,268 [Worker-30] INFO  o.e.m.c.i.embedder.EclipseLogger - skip non existing resourceDirectory C:\Users\sandeep madineni\Desktop\JAVA-IMCS Training\Advanced-Java\EmployeeService\src\test\resources
2017-06-06 20:31:13,884 [Worker-31] INFO  o.e.m.c.i.embedder.EclipseLogger - Using 'UTF-8' encoding to copy filtered resources.
2017-06-06 20:31:13,900 [Worker-31] INFO  o.e.m.c.i.embedder.EclipseLogger - skip non existing resourceDirectory C:\Users\sandeep madineni\Desktop\JAVA-IMCS Training\Advanced-Java\EmployeeAPP\src\main\resources
2017-06-06 20:31:13,915 [Worker-31] INFO  o.e.m.c.i.embedder.EclipseLogger - Using 'UTF-8' encoding to copy filtered resources.
2017-06-06 20:31:13,915 [Worker-31] INFO  o.e.m.c.i.embedder.EclipseLogger - skip non existing resourceDirectory C:\Users\sandeep madineni\Desktop\JAVA-IMCS Training\Advanced-Java\EmployeeAPP\src\test\resources
2017-06-06 20:33:43,839 [Worker-25] INFO  o.e.m.c.i.p.ProjectConfigurationManager - Update started
2017-06-06 20:33:44,287 [Worker-25] INFO  o.e.m.c.i.l.LifecycleMappingFactory - Using org.eclipse.m2e.jdt.JarLifecycleMapping lifecycle mapping for MavenProject: com.employeeApp:EmployeeAPP:0.0.1-SNAPSHOT @ C:\Users\sandeep madineni\Desktop\JAVA-IMCS Training\Advanced-Java\EmployeeAPP\pom.xml.
2017-06-06 20:33:44,372 [Worker-25] INFO  o.e.m.c.i.l.LifecycleMappingFactory - Using org.eclipse.m2e.jdt.JarLifecycleMapping lifecycle mapping for MavenProject: com.employeedao:EmployeeDAO:0.0.1-SNAPSHOT @ C:\Users\sandeep madineni\Desktop\JAVA-IMCS Training\Advanced-Java\EmployeeDAO\pom.xml.
2017-06-06 20:33:44,441 [Worker-25] INFO  o.e.m.c.i.l.LifecycleMappingFactory - Using org.eclipse.m2e.jdt.JarLifecycleMapping lifecycle mapping for MavenProject: com.employeeservice:EmployeeService:0.0.1-SNAPSHOT @ C:\Users\sandeep madineni\Desktop\JAVA-IMCS Training\Advanced-Java\EmployeeService\pom.xml.
2017-06-06 20:33:44,714 [Worker-25] INFO  o.e.m.j.i.AbstractJavaProjectConfigurator - Adding source folder /EmployeeAPP/src/main/java
2017-06-06 20:33:44,721 [Worker-25] INFO  o.e.m.j.i.AbstractJavaProjectConfigurator - Adding source folder /EmployeeAPP/src/test/java
2017-06-06 20:33:44,769 [Worker-25] INFO  o.e.m.j.i.AbstractJavaProjectConfigurator - Adding source folder /EmployeeDAO/src/main/java
2017-06-06 20:33:44,776 [Worker-25] INFO  o.e.m.j.i.AbstractJavaProjectConfigurator - Adding source folder /EmployeeDAO/src/test/java
2017-06-06 20:33:44,816 [Worker-25] INFO  o.e.m.j.i.AbstractJavaProjectConfigurator - Adding source folder /EmployeeService/src/main/java
2017-06-06 20:33:44,822 [Worker-25] INFO  o.e.m.j.i.AbstractJavaProjectConfigurator - Adding source folder /EmployeeService/src/test/java
2017-06-06 20:33:44,988 [Worker-25] INFO  o.e.m.c.i.p.ProjectConfigurationManager - Update completed: 1 sec
2017-06-06 20:33:45,258 [Worker-31] INFO  o.e.m.c.i.embedder.EclipseLogger - Using 'UTF-8' encoding to copy filtered resources.
2017-06-06 20:33:45,273 [Worker-31] INFO  o.e.m.c.i.embedder.EclipseLogger - skip non existing resourceDirectory C:\Users\sandeep madineni\Desktop\JAVA-IMCS Training\Advanced-Java\EmployeeDAO\src\main\resources
2017-06-06 20:33:45,304 [Worker-31] INFO  o.e.m.c.i.embedder.EclipseLogger - Using 'UTF-8' encoding to copy filtered resources.
2017-06-06 20:33:45,304 [Worker-31] INFO  o.e.m.c.i.embedder.EclipseLogger - skip non existing resourceDirectory C:\Users\sandeep madineni\Desktop\JAVA-IMCS Training\Advanced-Java\EmployeeDAO\src\test\resources
2017-06-06 20:33:46,275 [Worker-37] INFO  o.e.m.c.i.embedder.EclipseLogger - Using 'UTF-8' encoding to copy filtered resources.
2017-06-06 20:33:46,276 [Worker-37] INFO  o.e.m.c.i.embedder.EclipseLogger - skip non existing resourceDirectory C:\Users\sandeep madineni\Desktop\JAVA-IMCS Training\Advanced-Java\EmployeeService\src\main\resources
2017-06-06 20:33:46,277 [Worker-37] INFO  o.e.m.c.i.embedder.EclipseLogger - Using 'UTF-8' encoding to copy filtered resources.
2017-06-06 20:33:46,277 [Worker-37] INFO  o.e.m.c.i.embedder.EclipseLogger - skip non existing resourceDirectory C:\Users\sandeep madineni\Desktop\JAVA-IMCS Training\Advanced-Java\EmployeeService\src\test\resources
2017-06-06 20:33:46,648 [Worker-37] INFO  o.e.m.c.i.embedder.EclipseLogger - Using 'UTF-8' encoding to copy filtered resources.
2017-06-06 20:33:46,648 [Worker-37] INFO  o.e.m.c.i.embedder.EclipseLogger - skip non existing resourceDirectory C:\Users\sandeep madineni\Desktop\JAVA-IMCS Training\Advanced-Java\EmployeeAPP\src\main\resources
2017-06-06 20:33:46,758 [Worker-37] INFO  o.e.m.c.i.embedder.EclipseLogger - Using 'UTF-8' encoding to copy filtered resources.
2017-06-06 20:33:46,759 [Worker-37] INFO  o.e.m.c.i.embedder.EclipseLogger - skip non existing resourceDirectory C:\Users\sandeep madineni\Desktop\JAVA-IMCS Training\Advanced-Java\EmployeeAPP\src\test\resources
2017-06-06 20:36:13,635 [Worker-33] INFO  o.e.m.c.i.embedder.EclipseLogger - Using 'UTF-8' encoding to copy filtered resources.
2017-06-06 20:36:13,635 [Worker-33] INFO  o.e.m.c.i.embedder.EclipseLogger - skip non existing resourceDirectory C:\Users\sandeep madineni\Desktop\JAVA-IMCS Training\Advanced-Java\EmployeeAPP\src\main\resources
2017-06-06 20:36:13,650 [Worker-33] INFO  o.e.m.c.i.embedder.EclipseLogger - Using 'UTF-8' encoding to copy filtered resources.
2017-06-06 20:36:13,666 [Worker-33] INFO  o.e.m.c.i.embedder.EclipseLogger - skip non existing resourceDirectory C:\Users\sandeep madineni\Desktop\JAVA-IMCS Training\Advanced-Java\EmployeeAPP\src\test\resources
2017-06-06 20:37:55,207 [Worker-27] INFO  o.e.m.c.i.embedder.EclipseLogger - Using 'UTF-8' encoding to copy filtered resources.
2017-06-06 20:37:55,207 [Worker-27] INFO  o.e.m.c.i.embedder.EclipseLogger - skip non existing resourceDirectory C:\Users\sandeep madineni\Desktop\JAVA-IMCS Training\Advanced-Java\EmployeeService\src\main\resources
2017-06-06 20:37:55,227 [Worker-27] INFO  o.e.m.c.i.embedder.EclipseLogger - Using 'UTF-8' encoding to copy filtered resources.
2017-06-06 20:37:55,229 [Worker-27] INFO  o.e.m.c.i.embedder.EclipseLogger - skip non existing resourceDirectory C:\Users\sandeep madineni\Desktop\JAVA-IMCS Training\Advanced-Java\EmployeeService\src\test\resources
2017-06-06 20:37:55,279 [Worker-27] INFO  o.e.m.c.i.embedder.EclipseLogger - Using 'UTF-8' encoding to copy filtered resources.
2017-06-06 20:37:55,279 [Worker-27] INFO  o.e.m.c.i.embedder.EclipseLogger - skip non existing resourceDirectory C:\Users\sandeep madineni\Desktop\JAVA-IMCS Training\Advanced-Java\EmployeeAPP\src\main\resources
2017-06-06 20:37:55,279 [Worker-27] INFO  o.e.m.c.i.embedder.EclipseLogger - Using 'UTF-8' encoding to copy filtered resources.
2017-06-06 20:37:55,279 [Worker-27] INFO  o.e.m.c.i.embedder.EclipseLogger - skip non existing resourceDirectory C:\Users\sandeep madineni\Desktop\JAVA-IMCS Training\Advanced-Java\EmployeeAPP\src\test\resources
2017-06-06 20:38:12,935 [Worker-27] INFO  o.e.m.c.i.embedder.EclipseLogger - Using 'UTF-8' encoding to copy filtered resources.
2017-06-06 20:38:12,935 [Worker-27] INFO  o.e.m.c.i.embedder.EclipseLogger - skip non existing resourceDirectory C:\Users\sandeep madineni\Desktop\JAVA-IMCS Training\Advanced-Java\EmployeeService\src\main\resources
2017-06-06 20:38:12,950 [Worker-27] INFO  o.e.m.c.i.embedder.EclipseLogger - Using 'UTF-8' encoding to copy filtered resources.
2017-06-06 20:38:12,950 [Worker-27] INFO  o.e.m.c.i.embedder.EclipseLogger - skip non existing resourceDirectory C:\Users\sandeep madineni\Desktop\JAVA-IMCS Training\Advanced-Java\EmployeeService\src\test\resources
2017-06-06 20:38:20,224 [Worker-27] INFO  o.e.m.c.i.embedder.EclipseLogger - Using 'UTF-8' encoding to copy filtered resources.
2017-06-06 20:38:20,224 [Worker-27] INFO  o.e.m.c.i.embedder.EclipseLogger - skip non existing resourceDirectory C:\Users\sandeep madineni\Desktop\JAVA-IMCS Training\Advanced-Java\EmployeeService\src\main\resources
2017-06-06 20:38:20,232 [Worker-27] INFO  o.e.m.c.i.embedder.EclipseLogger - Using 'UTF-8' encoding to copy filtered resources.
2017-06-06 20:38:20,236 [Worker-27] INFO  o.e.m.c.i.embedder.EclipseLogger - skip non existing resourceDirectory C:\Users\sandeep madineni\Desktop\JAVA-IMCS Training\Advanced-Java\EmployeeService\src\test\resources
2017-06-06 20:38:24,341 [Worker-27] INFO  o.e.m.c.i.embedder.EclipseLogger - Using 'UTF-8' encoding to copy filtered resources.
2017-06-06 20:38:24,341 [Worker-27] INFO  o.e.m.c.i.embedder.EclipseLogger - skip non existing resourceDirectory C:\Users\sandeep madineni\Desktop\JAVA-IMCS Training\Advanced-Java\EmployeeService\src\main\resources
2017-06-06 20:38:24,356 [Worker-27] INFO  o.e.m.c.i.embedder.EclipseLogger - Using 'UTF-8' encoding to copy filtered resources.
2017-06-06 20:38:24,356 [Worker-27] INFO  o.e.m.c.i.embedder.EclipseLogger - skip non existing resourceDirectory C:\Users\sandeep madineni\Desktop\JAVA-IMCS Training\Advanced-Java\EmployeeService\src\test\resources
2017-06-06 20:38:37,649 [Worker-24] INFO  o.e.m.c.i.embedder.EclipseLogger - Using 'UTF-8' encoding to copy filtered resources.
2017-06-06 20:38:37,649 [Worker-24] INFO  o.e.m.c.i.embedder.EclipseLogger - skip non existing resourceDirectory C:\Users\sandeep madineni\Desktop\JAVA-IMCS Training\Advanced-Java\EmployeeService\src\main\resources
2017-06-06 20:38:37,665 [Worker-24] INFO  o.e.m.c.i.embedder.EclipseLogger - Using 'UTF-8' encoding to copy filtered resources.
2017-06-06 20:38:37,665 [Worker-24] INFO  o.e.m.c.i.embedder.EclipseLogger - skip non existing resourceDirectory C:\Users\sandeep madineni\Desktop\JAVA-IMCS Training\Advanced-Java\EmployeeService\src\test\resources
2017-06-06 20:38:46,997 [Worker-33] INFO  o.e.m.c.i.embedder.EclipseLogger - Using 'UTF-8' encoding to copy filtered resources.
2017-06-06 20:38:46,997 [Worker-33] INFO  o.e.m.c.i.embedder.EclipseLogger - skip non existing resourceDirectory C:\Users\sandeep madineni\Desktop\JAVA-IMCS Training\Advanced-Java\EmployeeService\src\main\resources
2017-06-06 20:38:46,997 [Worker-33] INFO  o.e.m.c.i.embedder.EclipseLogger - Using 'UTF-8' encoding to copy filtered resources.
2017-06-06 20:38:47,013 [Worker-33] INFO  o.e.m.c.i.embedder.EclipseLogger - skip non existing resourceDirectory C:\Users\sandeep madineni\Desktop\JAVA-IMCS Training\Advanced-Java\EmployeeService\src\test\resources
2017-06-06 20:39:32,623 [Worker-39] INFO  o.e.m.c.i.embedder.EclipseLogger - Using 'UTF-8' encoding to copy filtered resources.
2017-06-06 20:39:32,623 [Worker-39] INFO  o.e.m.c.i.embedder.EclipseLogger - skip non existing resourceDirectory C:\Users\sandeep madineni\Desktop\JAVA-IMCS Training\Advanced-Java\EmployeeService\src\main\resources
2017-06-06 20:39:32,638 [Worker-39] INFO  o.e.m.c.i.embedder.EclipseLogger - Using 'UTF-8' encoding to copy filtered resources.
2017-06-06 20:39:32,638 [Worker-39] INFO  o.e.m.c.i.embedder.EclipseLogger - skip non existing resourceDirectory C:\Users\sandeep madineni\Desktop\JAVA-IMCS Training\Advanced-Java\EmployeeService\src\test\resources
2017-06-06 20:39:56,060 [Worker-29] INFO  o.e.m.c.i.embedder.EclipseLogger - Using 'UTF-8' encoding to copy filtered resources.
2017-06-06 20:39:56,060 [Worker-29] INFO  o.e.m.c.i.embedder.EclipseLogger - skip non existing resourceDirectory C:\Users\sandeep madineni\Desktop\JAVA-IMCS Training\Advanced-Java\EmployeeService\src\main\resources
2017-06-06 20:39:56,076 [Worker-29] INFO  o.e.m.c.i.embedder.EclipseLogger - Using 'UTF-8' encoding to copy filtered resources.
2017-06-06 20:39:56,076 [Worker-29] INFO  o.e.m.c.i.embedder.EclipseLogger - skip non existing resourceDirectory C:\Users\sandeep madineni\Desktop\JAVA-IMCS Training\Advanced-Java\EmployeeService\src\test\resources
2017-06-06 20:40:00,603 [Worker-39] INFO  o.e.m.c.i.embedder.EclipseLogger - Using 'UTF-8' encoding to copy filtered resources.
2017-06-06 20:40:00,603 [Worker-39] INFO  o.e.m.c.i.embedder.EclipseLogger - skip non existing resourceDirectory C:\Users\sandeep madineni\Desktop\JAVA-IMCS Training\Advanced-Java\EmployeeService\src\main\resources
2017-06-06 20:40:00,622 [Worker-39] INFO  o.e.m.c.i.embedder.EclipseLogger - Using 'UTF-8' encoding to copy filtered resources.
2017-06-06 20:40:00,625 [Worker-39] INFO  o.e.m.c.i.embedder.EclipseLogger - skip non existing resourceDirectory C:\Users\sandeep madineni\Desktop\JAVA-IMCS Training\Advanced-Java\EmployeeService\src\test\resources
2017-06-06 20:49:35,949 [Worker-33] INFO  o.e.m.c.i.embedder.EclipseLogger - Using 'UTF-8' encoding to copy filtered resources.
2017-06-06 20:49:35,949 [Worker-33] INFO  o.e.m.c.i.embedder.EclipseLogger - skip non existing resourceDirectory C:\Users\sandeep madineni\Desktop\JAVA-IMCS Training\Advanced-Java\EmployeeService\src\main\resources
2017-06-06 20:49:35,949 [Worker-33] INFO  o.e.m.c.i.embedder.EclipseLogger - Using 'UTF-8' encoding to copy filtered resources.
2017-06-06 20:49:35,967 [Worker-33] INFO  o.e.m.c.i.embedder.EclipseLogger - skip non existing resourceDirectory C:\Users\sandeep madineni\Desktop\JAVA-IMCS Training\Advanced-Java\EmployeeService\src\test\resources
2017-06-06 20:49:36,014 [Worker-33] INFO  o.e.m.c.i.embedder.EclipseLogger - Using 'UTF-8' encoding to copy filtered resources.
2017-06-06 20:49:36,014 [Worker-33] INFO  o.e.m.c.i.embedder.EclipseLogger - skip non existing resourceDirectory C:\Users\sandeep madineni\Desktop\JAVA-IMCS Training\Advanced-Java\EmployeeAPP\src\main\resources
2017-06-06 20:49:36,029 [Worker-33] INFO  o.e.m.c.i.embedder.EclipseLogger - Using 'UTF-8' encoding to copy filtered resources.
2017-06-06 20:49:36,029 [Worker-33] INFO  o.e.m.c.i.embedder.EclipseLogger - skip non existing resourceDirectory C:\Users\sandeep madineni\Desktop\JAVA-IMCS Training\Advanced-Java\EmployeeAPP\src\test\resources
2017-06-06 20:54:33,557 [Worker-43] INFO  o.e.m.c.i.embedder.EclipseLogger - Using 'UTF-8' encoding to copy filtered resources.
2017-06-06 20:54:33,558 [Worker-43] INFO  o.e.m.c.i.embedder.EclipseLogger - skip non existing resourceDirectory C:\Users\sandeep madineni\Desktop\JAVA-IMCS Training\Advanced-Java\EmployeeService\src\main\resources
2017-06-06 20:54:33,567 [Worker-43] INFO  o.e.m.c.i.embedder.EclipseLogger - Using 'UTF-8' encoding to copy filtered resources.
2017-06-06 20:54:33,571 [Worker-43] INFO  o.e.m.c.i.embedder.EclipseLogger - skip non existing resourceDirectory C:\Users\sandeep madineni\Desktop\JAVA-IMCS Training\Advanced-Java\EmployeeService\src\test\resources
2017-06-06 20:55:44,924 [Worker-43] INFO  o.e.m.c.i.embedder.EclipseLogger - Using 'UTF-8' encoding to copy filtered resources.
2017-06-06 20:55:44,924 [Worker-43] INFO  o.e.m.c.i.embedder.EclipseLogger - skip non existing resourceDirectory C:\Users\sandeep madineni\Desktop\JAVA-IMCS Training\Advanced-Java\EmployeeService\src\main\resources
2017-06-06 20:55:44,940 [Worker-43] INFO  o.e.m.c.i.embedder.EclipseLogger - Using 'UTF-8' encoding to copy filtered resources.
2017-06-06 20:55:44,956 [Worker-43] INFO  o.e.m.c.i.embedder.EclipseLogger - skip non existing resourceDirectory C:\Users\sandeep madineni\Desktop\JAVA-IMCS Training\Advanced-Java\EmployeeService\src\test\resources
2017-06-06 21:04:52,199 [Worker-43] INFO  o.e.m.c.i.embedder.EclipseLogger - Using 'UTF-8' encoding to copy filtered resources.
2017-06-06 21:04:52,199 [Worker-43] INFO  o.e.m.c.i.embedder.EclipseLogger - skip non existing resourceDirectory C:\Users\sandeep madineni\Desktop\JAVA-IMCS Training\Advanced-Java\EmployeeService\src\main\resources
2017-06-06 21:04:52,215 [Worker-43] INFO  o.e.m.c.i.embedder.EclipseLogger - Using 'UTF-8' encoding to copy filtered resources.
2017-06-06 21:04:52,236 [Worker-43] INFO  o.e.m.c.i.embedder.EclipseLogger - skip non existing resourceDirectory C:\Users\sandeep madineni\Desktop\JAVA-IMCS Training\Advanced-Java\EmployeeService\src\test\resources
2017-06-06 21:04:52,300 [Worker-43] INFO  o.e.m.c.i.embedder.EclipseLogger - Using 'UTF-8' encoding to copy filtered resources.
2017-06-06 21:04:52,300 [Worker-43] INFO  o.e.m.c.i.embedder.EclipseLogger - skip non existing resourceDirectory C:\Users\sandeep madineni\Desktop\JAVA-IMCS Training\Advanced-Java\EmployeeAPP\src\main\resources
2017-06-06 21:04:52,315 [Worker-43] INFO  o.e.m.c.i.embedder.EclipseLogger - Using 'UTF-8' encoding to copy filtered resources.
2017-06-06 21:04:52,315 [Worker-43] INFO  o.e.m.c.i.embedder.EclipseLogger - skip non existing resourceDirectory C:\Users\sandeep madineni\Desktop\JAVA-IMCS Training\Advanced-Java\EmployeeAPP\src\test\resources
2017-06-06 21:05:07,633 [Worker-33] INFO  o.e.m.c.i.embedder.EclipseLogger - Using 'UTF-8' encoding to copy filtered resources.
2017-06-06 21:05:07,633 [Worker-33] INFO  o.e.m.c.i.embedder.EclipseLogger - skip non existing resourceDirectory C:\Users\sandeep madineni\Desktop\JAVA-IMCS Training\Advanced-Java\EmployeeService\src\main\resources
2017-06-06 21:05:07,654 [Worker-33] INFO  o.e.m.c.i.embedder.EclipseLogger - Using 'UTF-8' encoding to copy filtered resources.
2017-06-06 21:05:07,654 [Worker-33] INFO  o.e.m.c.i.embedder.EclipseLogger - skip non existing resourceDirectory C:\Users\sandeep madineni\Desktop\JAVA-IMCS Training\Advanced-Java\EmployeeService\src\test\resources
2017-06-06 21:05:14,534 [Worker-47] INFO  o.e.m.c.i.embedder.EclipseLogger - Using 'UTF-8' encoding to copy filtered resources.
2017-06-06 21:05:14,534 [Worker-47] INFO  o.e.m.c.i.embedder.EclipseLogger - skip non existing resourceDirectory C:\Users\sandeep madineni\Desktop\JAVA-IMCS Training\Advanced-Java\EmployeeService\src\main\resources
2017-06-06 21:05:14,550 [Worker-47] INFO  o.e.m.c.i.embedder.EclipseLogger - Using 'UTF-8' encoding to copy filtered resources.
2017-06-06 21:05:14,550 [Worker-47] INFO  o.e.m.c.i.embedder.EclipseLogger - skip non existing resourceDirectory C:\Users\sandeep madineni\Desktop\JAVA-IMCS Training\Advanced-Java\EmployeeService\src\test\resources
2017-06-06 21:05:38,934 [Worker-46] INFO  o.e.m.c.i.embedder.EclipseLogger - Using 'UTF-8' encoding to copy filtered resources.
2017-06-06 21:05:38,934 [Worker-46] INFO  o.e.m.c.i.embedder.EclipseLogger - skip non existing resourceDirectory C:\Users\sandeep madineni\Desktop\JAVA-IMCS Training\Advanced-Java\EmployeeAPP\src\main\resources
2017-06-06 21:05:38,934 [Worker-46] INFO  o.e.m.c.i.embedder.EclipseLogger - Using 'UTF-8' encoding to copy filtered resources.
2017-06-06 21:05:38,950 [Worker-46] INFO  o.e.m.c.i.embedder.EclipseLogger - skip non existing resourceDirectory C:\Users\sandeep madineni\Desktop\JAVA-IMCS Training\Advanced-Java\EmployeeAPP\src\test\resources
2017-06-06 21:06:23,436 [Worker-47] INFO  o.e.m.c.i.embedder.EclipseLogger - Using 'UTF-8' encoding to copy filtered resources.
2017-06-06 21:06:23,452 [Worker-47] INFO  o.e.m.c.i.embedder.EclipseLogger - skip non existing resourceDirectory C:\Users\sandeep madineni\Desktop\JAVA-IMCS Training\Advanced-Java\EmployeeAPP\src\main\resources
2017-06-06 21:06:23,458 [Worker-47] INFO  o.e.m.c.i.embedder.EclipseLogger - Using 'UTF-8' encoding to copy filtered resources.
2017-06-06 21:06:23,458 [Worker-47] INFO  o.e.m.c.i.embedder.EclipseLogger - skip non existing resourceDirectory C:\Users\sandeep madineni\Desktop\JAVA-IMCS Training\Advanced-Java\EmployeeAPP\src\test\resources
2017-06-06 21:11:30,585 [Worker-43] INFO  o.e.m.c.i.embedder.EclipseLogger - Using 'UTF-8' encoding to copy filtered resources.
2017-06-06 21:11:30,585 [Worker-43] INFO  o.e.m.c.i.embedder.EclipseLogger - skip non existing resourceDirectory C:\Users\sandeep madineni\Desktop\JAVA-IMCS Training\Advanced-Java\EmployeeService\src\main\resources
2017-06-06 21:11:30,594 [Worker-43] INFO  o.e.m.c.i.embedder.EclipseLogger - Using 'UTF-8' encoding to copy filtered resources.
2017-06-06 21:11:30,594 [Worker-43] INFO  o.e.m.c.i.embedder.EclipseLogger - skip non existing resourceDirectory C:\Users\sandeep madineni\Desktop\JAVA-IMCS Training\Advanced-Java\EmployeeService\src\test\resources
2017-06-06 21:11:45,310 [Worker-24] INFO  o.e.m.c.i.embedder.EclipseLogger - Using 'UTF-8' encoding to copy filtered resources.
2017-06-06 21:11:45,310 [Worker-24] INFO  o.e.m.c.i.embedder.EclipseLogger - skip non existing resourceDirectory C:\Users\sandeep madineni\Desktop\JAVA-IMCS Training\Advanced-Java\EmployeeService\src\main\resources
2017-06-06 21:11:45,332 [Worker-24] INFO  o.e.m.c.i.embedder.EclipseLogger - Using 'UTF-8' encoding to copy filtered resources.
2017-06-06 21:11:45,348 [Worker-24] INFO  o.e.m.c.i.embedder.EclipseLogger - skip non existing resourceDirectory C:\Users\sandeep madineni\Desktop\JAVA-IMCS Training\Advanced-Java\EmployeeService\src\test\resources
2017-06-06 22:40:12,546 [Worker-53] INFO  o.e.m.c.i.embedder.EclipseLogger - Using 'UTF-8' encoding to copy filtered resources.
2017-06-06 22:40:12,546 [Worker-53] INFO  o.e.m.c.i.embedder.EclipseLogger - skip non existing resourceDirectory C:\Users\sandeep madineni\Desktop\JAVA-IMCS Training\Advanced-Java\EmployeeService\src\main\resources
2017-06-06 22:40:12,546 [Worker-53] INFO  o.e.m.c.i.embedder.EclipseLogger - Using 'UTF-8' encoding to copy filtered resources.
2017-06-06 22:40:12,546 [Worker-53] INFO  o.e.m.c.i.embedder.EclipseLogger - skip non existing resourceDirectory C:\Users\sandeep madineni\Desktop\JAVA-IMCS Training\Advanced-Java\EmployeeService\src\test\resources
2017-06-06 22:40:34,181 [Worker-53] INFO  o.e.m.c.i.embedder.EclipseLogger - Using 'UTF-8' encoding to copy filtered resources.
2017-06-06 22:40:34,181 [Worker-53] INFO  o.e.m.c.i.embedder.EclipseLogger - skip non existing resourceDirectory C:\Users\sandeep madineni\Desktop\JAVA-IMCS Training\Advanced-Java\EmployeeService\src\main\resources
2017-06-06 22:40:34,200 [Worker-53] INFO  o.e.m.c.i.embedder.EclipseLogger - Using 'UTF-8' encoding to copy filtered resources.
2017-06-06 22:40:34,203 [Worker-53] INFO  o.e.m.c.i.embedder.EclipseLogger - skip non existing resourceDirectory C:\Users\sandeep madineni\Desktop\JAVA-IMCS Training\Advanced-Java\EmployeeService\src\test\resources
2017-06-06 22:42:00,326 [Worker-43] INFO  o.e.m.c.i.embedder.EclipseLogger - Using 'UTF-8' encoding to copy filtered resources.
2017-06-06 22:42:00,326 [Worker-43] INFO  o.e.m.c.i.embedder.EclipseLogger - skip non existing resourceDirectory C:\Users\sandeep madineni\Desktop\JAVA-IMCS Training\Advanced-Java\EmployeeService\src\main\resources
2017-06-06 22:42:00,326 [Worker-43] INFO  o.e.m.c.i.embedder.EclipseLogger - Using 'UTF-8' encoding to copy filtered resources.
2017-06-06 22:42:00,326 [Worker-43] INFO  o.e.m.c.i.embedder.EclipseLogger - skip non existing resourceDirectory C:\Users\sandeep madineni\Desktop\JAVA-IMCS Training\Advanced-Java\EmployeeService\src\test\resources
2017-06-06 22:42:10,843 [Worker-53] INFO  o.e.m.c.i.embedder.EclipseLogger - Using 'UTF-8' encoding to copy filtered resources.
2017-06-06 22:42:10,843 [Worker-53] INFO  o.e.m.c.i.embedder.EclipseLogger - skip non existing resourceDirectory C:\Users\sandeep madineni\Desktop\JAVA-IMCS Training\Advanced-Java\EmployeeAPP\src\main\resources
2017-06-06 22:42:10,851 [Worker-53] INFO  o.e.m.c.i.embedder.EclipseLogger - Using 'UTF-8' encoding to copy filtered resources.
2017-06-06 22:42:10,858 [Worker-53] INFO  o.e.m.c.i.embedder.EclipseLogger - skip non existing resourceDirectory C:\Users\sandeep madineni\Desktop\JAVA-IMCS Training\Advanced-Java\EmployeeAPP\src\test\resources
2017-06-06 22:43:27,817 [Worker-52] INFO  o.e.m.c.i.embedder.EclipseLogger - Using 'UTF-8' encoding to copy filtered resources.
2017-06-06 22:43:27,817 [Worker-52] INFO  o.e.m.c.i.embedder.EclipseLogger - skip non existing resourceDirectory C:\Users\sandeep madineni\Desktop\JAVA-IMCS Training\Advanced-Java\EmployeeService\src\main\resources
2017-06-06 22:43:27,833 [Worker-52] INFO  o.e.m.c.i.embedder.EclipseLogger - Using 'UTF-8' encoding to copy filtered resources.
2017-06-06 22:43:27,833 [Worker-52] INFO  o.e.m.c.i.embedder.EclipseLogger - skip non existing resourceDirectory C:\Users\sandeep madineni\Desktop\JAVA-IMCS Training\Advanced-Java\EmployeeService\src\test\resources
2017-06-06 22:43:59,149 [Worker-54] INFO  o.e.m.c.i.embedder.EclipseLogger - Using 'UTF-8' encoding to copy filtered resources.
2017-06-06 22:43:59,149 [Worker-54] INFO  o.e.m.c.i.embedder.EclipseLogger - skip non existing resourceDirectory C:\Users\sandeep madineni\Desktop\JAVA-IMCS Training\Advanced-Java\EmployeeService\src\main\resources
2017-06-06 22:43:59,168 [Worker-54] INFO  o.e.m.c.i.embedder.EclipseLogger - Using 'UTF-8' encoding to copy filtered resources.
2017-06-06 22:43:59,171 [Worker-54] INFO  o.e.m.c.i.embedder.EclipseLogger - skip non existing resourceDirectory C:\Users\sandeep madineni\Desktop\JAVA-IMCS Training\Advanced-Java\EmployeeService\src\test\resources
2017-06-06 22:44:07,798 [Worker-52] INFO  o.e.m.c.i.embedder.EclipseLogger - Using 'UTF-8' encoding to copy filtered resources.
2017-06-06 22:44:07,798 [Worker-52] INFO  o.e.m.c.i.embedder.EclipseLogger - skip non existing resourceDirectory C:\Users\sandeep madineni\Desktop\JAVA-IMCS Training\Advanced-Java\EmployeeService\src\main\resources
2017-06-06 22:44:07,798 [Worker-52] INFO  o.e.m.c.i.embedder.EclipseLogger - Using 'UTF-8' encoding to copy filtered resources.
2017-06-06 22:44:07,798 [Worker-52] INFO  o.e.m.c.i.embedder.EclipseLogger - skip non existing resourceDirectory C:\Users\sandeep madineni\Desktop\JAVA-IMCS Training\Advanced-Java\EmployeeService\src\test\resources
2017-06-06 22:44:27,491 [Worker-56] INFO  o.e.m.c.i.embedder.EclipseLogger - Using 'UTF-8' encoding to copy filtered resources.
2017-06-06 22:44:27,491 [Worker-56] INFO  o.e.m.c.i.embedder.EclipseLogger - skip non existing resourceDirectory C:\Users\sandeep madineni\Desktop\JAVA-IMCS Training\Advanced-Java\EmployeeAPP\src\main\resources
2017-06-06 22:44:27,491 [Worker-56] INFO  o.e.m.c.i.embedder.EclipseLogger - Using 'UTF-8' encoding to copy filtered resources.
2017-06-06 22:44:27,507 [Worker-56] INFO  o.e.m.c.i.embedder.EclipseLogger - skip non existing resourceDirectory C:\Users\sandeep madineni\Desktop\JAVA-IMCS Training\Advanced-Java\EmployeeAPP\src\test\resources
2017-06-06 22:45:22,431 [Worker-43] INFO  o.e.m.c.i.embedder.EclipseLogger - Using 'UTF-8' encoding to copy filtered resources.
2017-06-06 22:45:22,431 [Worker-43] INFO  o.e.m.c.i.embedder.EclipseLogger - skip non existing resourceDirectory C:\Users\sandeep madineni\Desktop\JAVA-IMCS Training\Advanced-Java\EmployeeService\src\main\resources
2017-06-06 22:45:22,436 [Worker-43] INFO  o.e.m.c.i.embedder.EclipseLogger - Using 'UTF-8' encoding to copy filtered resources.
2017-06-06 22:45:22,436 [Worker-43] INFO  o.e.m.c.i.embedder.EclipseLogger - skip non existing resourceDirectory C:\Users\sandeep madineni\Desktop\JAVA-IMCS Training\Advanced-Java\EmployeeService\src\test\resources
2017-06-06 22:45:39,687 [Worker-52] INFO  o.e.m.c.i.embedder.EclipseLogger - Using 'UTF-8' encoding to copy filtered resources.
2017-06-06 22:45:39,687 [Worker-52] INFO  o.e.m.c.i.embedder.EclipseLogger - skip non existing resourceDirectory C:\Users\sandeep madineni\Desktop\JAVA-IMCS Training\Advanced-Java\EmployeeService\src\main\resources
2017-06-06 22:45:39,709 [Worker-52] INFO  o.e.m.c.i.embedder.EclipseLogger - Using 'UTF-8' encoding to copy filtered resources.
2017-06-06 22:45:39,709 [Worker-52] INFO  o.e.m.c.i.embedder.EclipseLogger - skip non existing resourceDirectory C:\Users\sandeep madineni\Desktop\JAVA-IMCS Training\Advanced-Java\EmployeeService\src\test\resources
2017-06-06 22:45:39,756 [Worker-52] INFO  o.e.m.c.i.embedder.EclipseLogger - Using 'UTF-8' encoding to copy filtered resources.
2017-06-06 22:45:39,756 [Worker-52] INFO  o.e.m.c.i.embedder.EclipseLogger - skip non existing resourceDirectory C:\Users\sandeep madineni\Desktop\JAVA-IMCS Training\Advanced-Java\EmployeeAPP\src\main\resources
2017-06-06 22:45:39,772 [Worker-52] INFO  o.e.m.c.i.embedder.EclipseLogger - Using 'UTF-8' encoding to copy filtered resources.
2017-06-06 22:45:39,772 [Worker-52] INFO  o.e.m.c.i.embedder.EclipseLogger - skip non existing resourceDirectory C:\Users\sandeep madineni\Desktop\JAVA-IMCS Training\Advanced-Java\EmployeeAPP\src\test\resources
2017-06-06 22:45:46,860 [Worker-56] INFO  o.e.m.c.i.embedder.EclipseLogger - Using 'UTF-8' encoding to copy filtered resources.
2017-06-06 22:45:46,860 [Worker-56] INFO  o.e.m.c.i.embedder.EclipseLogger - skip non existing resourceDirectory C:\Users\sandeep madineni\Desktop\JAVA-IMCS Training\Advanced-Java\EmployeeService\src\main\resources
2017-06-06 22:45:46,876 [Worker-56] INFO  o.e.m.c.i.embedder.EclipseLogger - Using 'UTF-8' encoding to copy filtered resources.
2017-06-06 22:45:46,876 [Worker-56] INFO  o.e.m.c.i.embedder.EclipseLogger - skip non existing resourceDirectory C:\Users\sandeep madineni\Desktop\JAVA-IMCS Training\Advanced-Java\EmployeeService\src\test\resources
2017-06-06 22:45:46,910 [Worker-56] INFO  o.e.m.c.i.embedder.EclipseLogger - Using 'UTF-8' encoding to copy filtered resources.
2017-06-06 22:45:46,910 [Worker-56] INFO  o.e.m.c.i.embedder.EclipseLogger - skip non existing resourceDirectory C:\Users\sandeep madineni\Desktop\JAVA-IMCS Training\Advanced-Java\EmployeeAPP\src\main\resources
2017-06-06 22:45:46,926 [Worker-56] INFO  o.e.m.c.i.embedder.EclipseLogger - Using 'UTF-8' encoding to copy filtered resources.
2017-06-06 22:45:46,926 [Worker-56] INFO  o.e.m.c.i.embedder.EclipseLogger - skip non existing resourceDirectory C:\Users\sandeep madineni\Desktop\JAVA-IMCS Training\Advanced-Java\EmployeeAPP\src\test\resources
2017-06-06 22:49:16,141 [Worker-53] INFO  o.e.m.c.i.l.LifecycleMappingFactory - Using org.eclipse.m2e.jdt.JarLifecycleMapping lifecycle mapping for MavenProject: com.employeedao:EmployeeDAO:0.0.1-SNAPSHOT @ C:\Users\sandeep madineni\Desktop\JAVA-IMCS Training\Advanced-Java\EmployeeDAO\pom.xml.
2017-06-06 22:49:16,293 [Worker-53] INFO  o.e.m.c.i.l.LifecycleMappingFactory - Using org.eclipse.m2e.jdt.JarLifecycleMapping lifecycle mapping for MavenProject: com.employeeApp:EmployeeAPP:0.0.1-SNAPSHOT @ C:\Users\sandeep madineni\Desktop\JAVA-IMCS Training\Advanced-Java\EmployeeAPP\pom.xml.
2017-06-06 22:49:16,385 [Worker-53] INFO  o.e.m.c.i.l.LifecycleMappingFactory - Using org.eclipse.m2e.jdt.JarLifecycleMapping lifecycle mapping for MavenProject: com.employeeservice:EmployeeService:0.0.1-SNAPSHOT @ C:\Users\sandeep madineni\Desktop\JAVA-IMCS Training\Advanced-Java\EmployeeService\pom.xml.
2017-06-06 22:49:16,628 [Worker-53] INFO  o.e.m.c.i.embedder.EclipseLogger - Using 'UTF-8' encoding to copy filtered resources.
2017-06-06 22:49:16,633 [Worker-53] INFO  o.e.m.c.i.embedder.EclipseLogger - skip non existing resourceDirectory C:\Users\sandeep madineni\Desktop\JAVA-IMCS Training\Advanced-Java\EmployeeDAO\src\main\resources
2017-06-06 22:49:16,634 [Worker-53] INFO  o.e.m.c.i.embedder.EclipseLogger - Using 'UTF-8' encoding to copy filtered resources.
2017-06-06 22:49:16,639 [Worker-53] INFO  o.e.m.c.i.embedder.EclipseLogger - skip non existing resourceDirectory C:\Users\sandeep madineni\Desktop\JAVA-IMCS Training\Advanced-Java\EmployeeDAO\src\test\resources
2017-06-06 22:49:17,021 [Worker-53] INFO  o.e.m.c.i.embedder.EclipseLogger - Using 'UTF-8' encoding to copy filtered resources.
2017-06-06 22:49:17,021 [Worker-53] INFO  o.e.m.c.i.embedder.EclipseLogger - skip non existing resourceDirectory C:\Users\sandeep madineni\Desktop\JAVA-IMCS Training\Advanced-Java\EmployeeService\src\main\resources
2017-06-06 22:49:17,023 [Worker-53] INFO  o.e.m.c.i.embedder.EclipseLogger - Using 'UTF-8' encoding to copy filtered resources.
2017-06-06 22:49:17,041 [Worker-53] INFO  o.e.m.c.i.embedder.EclipseLogger - skip non existing resourceDirectory C:\Users\sandeep madineni\Desktop\JAVA-IMCS Training\Advanced-Java\EmployeeService\src\test\resources
2017-06-06 22:49:17,155 [Worker-53] INFO  o.e.m.c.i.embedder.EclipseLogger - Using 'UTF-8' encoding to copy filtered resources.
2017-06-06 22:49:17,155 [Worker-53] INFO  o.e.m.c.i.embedder.EclipseLogger - skip non existing resourceDirectory C:\Users\sandeep madineni\Desktop\JAVA-IMCS Training\Advanced-Java\EmployeeAPP\src\main\resources
2017-06-06 22:49:17,156 [Worker-53] INFO  o.e.m.c.i.embedder.EclipseLogger - Using 'UTF-8' encoding to copy filtered resources.
2017-06-06 22:49:17,161 [Worker-53] INFO  o.e.m.c.i.embedder.EclipseLogger - skip non existing resourceDirectory C:\Users\sandeep madineni\Desktop\JAVA-IMCS Training\Advanced-Java\EmployeeAPP\src\test\resources
2017-06-06 22:49:18,274 [Worker-57] INFO  o.e.m.c.i.embedder.EclipseLogger - Using 'UTF-8' encoding to copy filtered resources.
2017-06-06 22:49:18,274 [Worker-57] INFO  o.e.m.c.i.embedder.EclipseLogger - skip non existing resourceDirectory C:\Users\sandeep madineni\Desktop\JAVA-IMCS Training\Advanced-Java\EmployeeDAO\src\main\resources
2017-06-06 22:49:18,274 [Worker-57] INFO  o.e.m.c.i.embedder.EclipseLogger - Using 'UTF-8' encoding to copy filtered resources.
2017-06-06 22:49:18,282 [Worker-57] INFO  o.e.m.c.i.embedder.EclipseLogger - skip non existing resourceDirectory C:\Users\sandeep madineni\Desktop\JAVA-IMCS Training\Advanced-Java\EmployeeDAO\src\test\resources
2017-06-06 22:49:34,253 [Worker-57] INFO  o.e.m.c.i.p.ProjectConfigurationManager - Update started
2017-06-06 22:49:35,577 [Worker-57] INFO  o.e.m.c.i.l.LifecycleMappingFactory - Using org.eclipse.m2e.jdt.JarLifecycleMapping lifecycle mapping for MavenProject: com.employeeApp:EmployeeAPP:0.0.1-SNAPSHOT @ C:\Users\sandeep madineni\Desktop\JAVA-IMCS Training\Advanced-Java\EmployeeAPP\pom.xml.
2017-06-06 22:49:35,676 [Worker-57] INFO  o.e.m.c.i.l.LifecycleMappingFactory - Using org.eclipse.m2e.jdt.JarLifecycleMapping lifecycle mapping for MavenProject: com.employeedao:EmployeeDAO:0.0.1-SNAPSHOT @ C:\Users\sandeep madineni\Desktop\JAVA-IMCS Training\Advanced-Java\EmployeeDAO\pom.xml.
2017-06-06 22:49:35,769 [Worker-57] INFO  o.e.m.c.i.l.LifecycleMappingFactory - Using org.eclipse.m2e.jdt.JarLifecycleMapping lifecycle mapping for MavenProject: com.employeeservice:EmployeeService:0.0.1-SNAPSHOT @ C:\Users\sandeep madineni\Desktop\JAVA-IMCS Training\Advanced-Java\EmployeeService\pom.xml.
2017-06-06 22:49:36,070 [Worker-57] INFO  o.e.m.j.i.AbstractJavaProjectConfigurator - Adding source folder /EmployeeAPP/src/main/java
2017-06-06 22:49:36,077 [Worker-57] INFO  o.e.m.j.i.AbstractJavaProjectConfigurator - Adding source folder /EmployeeAPP/src/test/java
2017-06-06 22:49:36,130 [Worker-57] INFO  o.e.m.j.i.AbstractJavaProjectConfigurator - Adding source folder /EmployeeDAO/src/main/java
2017-06-06 22:49:36,134 [Worker-57] INFO  o.e.m.j.i.AbstractJavaProjectConfigurator - Adding source folder /EmployeeDAO/src/test/java
2017-06-06 22:49:36,188 [Worker-57] INFO  o.e.m.j.i.AbstractJavaProjectConfigurator - Adding source folder /EmployeeService/src/main/java
2017-06-06 22:49:36,189 [Worker-57] INFO  o.e.m.j.i.AbstractJavaProjectConfigurator - Adding source folder /EmployeeService/src/test/java
2017-06-06 22:49:36,330 [Worker-57] INFO  o.e.m.c.i.p.ProjectConfigurationManager - Update completed: 2 sec
2017-06-06 22:49:36,546 [Worker-55] INFO  o.e.m.c.i.embedder.EclipseLogger - Using 'UTF-8' encoding to copy filtered resources.
2017-06-06 22:49:36,546 [Worker-55] INFO  o.e.m.c.i.embedder.EclipseLogger - skip non existing resourceDirectory C:\Users\sandeep madineni\Desktop\JAVA-IMCS Training\Advanced-Java\EmployeeDAO\src\main\resources
2017-06-06 22:49:36,546 [Worker-55] INFO  o.e.m.c.i.embedder.EclipseLogger - Using 'UTF-8' encoding to copy filtered resources.
2017-06-06 22:49:36,546 [Worker-55] INFO  o.e.m.c.i.embedder.EclipseLogger - skip non existing resourceDirectory C:\Users\sandeep madineni\Desktop\JAVA-IMCS Training\Advanced-Java\EmployeeDAO\src\test\resources
2017-06-06 22:49:37,002 [Worker-55] INFO  o.e.m.c.i.embedder.EclipseLogger - Using 'UTF-8' encoding to copy filtered resources.
2017-06-06 22:49:37,002 [Worker-55] INFO  o.e.m.c.i.embedder.EclipseLogger - skip non existing resourceDirectory C:\Users\sandeep madineni\Desktop\JAVA-IMCS Training\Advanced-Java\EmployeeService\src\main\resources
2017-06-06 22:49:37,003 [Worker-55] INFO  o.e.m.c.i.embedder.EclipseLogger - Using 'UTF-8' encoding to copy filtered resources.
2017-06-06 22:49:37,004 [Worker-55] INFO  o.e.m.c.i.embedder.EclipseLogger - skip non existing resourceDirectory C:\Users\sandeep madineni\Desktop\JAVA-IMCS Training\Advanced-Java\EmployeeService\src\test\resources
2017-06-06 22:49:37,147 [Worker-55] INFO  o.e.m.c.i.embedder.EclipseLogger - Using 'UTF-8' encoding to copy filtered resources.
2017-06-06 22:49:37,147 [Worker-55] INFO  o.e.m.c.i.embedder.EclipseLogger - skip non existing resourceDirectory C:\Users\sandeep madineni\Desktop\JAVA-IMCS Training\Advanced-Java\EmployeeAPP\src\main\resources
2017-06-06 22:49:37,148 [Worker-55] INFO  o.e.m.c.i.embedder.EclipseLogger - Using 'UTF-8' encoding to copy filtered resources.
2017-06-06 22:49:37,149 [Worker-55] INFO  o.e.m.c.i.embedder.EclipseLogger - skip non existing resourceDirectory C:\Users\sandeep madineni\Desktop\JAVA-IMCS Training\Advanced-Java\EmployeeAPP\src\test\resources
2017-06-06 22:50:35,113 [main] INFO  o.e.m2e.actions.ExecutePomAction - Creating new launch configuration
2017-06-06 22:50:47,786 [Worker-62] INFO  o.e.m.i.launch.MavenLaunchDelegate - C:\Users\sandeep madineni\Desktop\JAVA-IMCS Training\Advanced-Java\EmployeeAPP
2017-06-06 22:50:47,786 [Worker-62] INFO  o.e.m.i.launch.MavenLaunchDelegate -  mvn -B compile
2017-06-06 22:51:09,112 [main] INFO  o.e.m2e.actions.ExecutePomAction - Creating new launch configuration
2017-06-06 22:51:14,956 [Worker-52] INFO  o.e.m.i.launch.MavenLaunchDelegate - C:\Users\sandeep madineni\Desktop\JAVA-IMCS Training\Advanced-Java\EmployeeDAO
2017-06-06 22:51:14,977 [Worker-52] INFO  o.e.m.i.launch.MavenLaunchDelegate -  mvn -B compile
2017-06-06 22:53:27,776 [Worker-60] INFO  o.e.m.c.i.embedder.EclipseLogger - Using 'UTF-8' encoding to copy filtered resources.
2017-06-06 22:53:27,777 [Worker-60] INFO  o.e.m.c.i.embedder.EclipseLogger - skip non existing resourceDirectory C:\Users\sandeep madineni\Desktop\JAVA-IMCS Training\Advanced-Java\EmployeeDAO\src\main\resources
2017-06-06 22:53:27,793 [Worker-60] INFO  o.e.m.c.i.embedder.EclipseLogger - Using 'UTF-8' encoding to copy filtered resources.
2017-06-06 22:53:27,806 [Worker-60] INFO  o.e.m.c.i.embedder.EclipseLogger - skip non existing resourceDirectory C:\Users\sandeep madineni\Desktop\JAVA-IMCS Training\Advanced-Java\EmployeeDAO\src\test\resources
2017-06-06 22:53:35,815 [main] INFO  o.e.m2e.actions.ExecutePomAction - Using existing launch configuration
2017-06-06 22:53:36,076 [Worker-51] INFO  o.e.m.i.launch.MavenLaunchDelegate - C:\Users\sandeep madineni\Desktop\JAVA-IMCS Training\Advanced-Java\EmployeeDAO
2017-06-06 22:53:36,108 [Worker-51] INFO  o.e.m.i.launch.MavenLaunchDelegate -  mvn -B compile
2017-06-06 22:53:54,590 [main] INFO  o.e.m2e.actions.ExecutePomAction - Creating new launch configuration
2017-06-06 22:53:58,084 [Worker-51] INFO  o.e.m.i.launch.MavenLaunchDelegate - C:\Users\sandeep madineni\Desktop\JAVA-IMCS Training\Advanced-Java\EmployeeService
2017-06-06 22:53:58,096 [Worker-51] INFO  o.e.m.i.launch.MavenLaunchDelegate -  mvn -B compile
2017-06-06 22:54:14,442 [main] INFO  o.e.m2e.actions.ExecutePomAction - Using existing launch configuration
2017-06-06 22:54:14,606 [Worker-53] INFO  o.e.m.i.launch.MavenLaunchDelegate - C:\Users\sandeep madineni\Desktop\JAVA-IMCS Training\Advanced-Java\EmployeeDAO
2017-06-06 22:54:14,634 [Worker-53] INFO  o.e.m.i.launch.MavenLaunchDelegate -  mvn -B compile
2017-06-06 22:54:59,320 [main] INFO  o.e.m2e.actions.ExecutePomAction - Creating new launch configuration
2017-06-06 22:55:08,508 [Worker-55] INFO  o.e.m.i.launch.MavenLaunchDelegate - C:\Users\sandeep madineni\Desktop\JAVA-IMCS Training\Advanced-Java\EmployeeDAO
2017-06-06 22:55:08,524 [Worker-55] INFO  o.e.m.i.launch.MavenLaunchDelegate -  mvn -B package
2017-06-06 22:56:40,848 [Worker-59] INFO  o.e.m.c.i.embedder.EclipseLogger - Using 'UTF-8' encoding to copy filtered resources.
2017-06-06 22:56:40,848 [Worker-59] INFO  o.e.m.c.i.embedder.EclipseLogger - skip non existing resourceDirectory C:\Users\sandeep madineni\Desktop\JAVA-IMCS Training\Advanced-Java\EmployeeService\src\main\resources
2017-06-06 22:56:40,864 [Worker-59] INFO  o.e.m.c.i.embedder.EclipseLogger - Using 'UTF-8' encoding to copy filtered resources.
2017-06-06 22:56:40,876 [Worker-59] INFO  o.e.m.c.i.embedder.EclipseLogger - skip non existing resourceDirectory C:\Users\sandeep madineni\Desktop\JAVA-IMCS Training\Advanced-Java\EmployeeService\src\test\resources
2017-06-06 22:56:48,595 [main] INFO  o.e.m2e.actions.ExecutePomAction - Creating new launch configuration
2017-06-06 22:57:01,036 [Worker-53] INFO  o.e.m.i.launch.MavenLaunchDelegate - C:\Users\sandeep madineni\Desktop\JAVA-IMCS Training\Advanced-Java\EmployeeDAO
2017-06-06 22:57:01,066 [Worker-53] INFO  o.e.m.i.launch.MavenLaunchDelegate -  mvn -B package
2017-06-06 22:57:42,285 [Worker-53] INFO  o.e.m.c.i.embedder.EclipseLogger - Using 'UTF-8' encoding to copy filtered resources.
2017-06-06 22:57:42,301 [Worker-53] INFO  o.e.m.c.i.embedder.EclipseLogger - skip non existing resourceDirectory C:\Users\sandeep madineni\Desktop\JAVA-IMCS Training\Advanced-Java\EmployeeAPP\src\main\resources
2017-06-06 22:57:42,320 [Worker-53] INFO  o.e.m.c.i.embedder.EclipseLogger - Using 'UTF-8' encoding to copy filtered resources.
2017-06-06 22:57:42,329 [Worker-53] INFO  o.e.m.c.i.embedder.EclipseLogger - skip non existing resourceDirectory C:\Users\sandeep madineni\Desktop\JAVA-IMCS Training\Advanced-Java\EmployeeAPP\src\test\resources
2017-06-06 23:00:21,653 [main] INFO  o.e.m2e.actions.ExecutePomAction - Creating new launch configuration
2017-06-06 23:01:14,634 [main] INFO  o.e.m2e.actions.ExecutePomAction - Using existing launch configuration
2017-06-06 23:01:14,852 [Worker-63] INFO  o.e.m.i.launch.MavenLaunchDelegate - C:\Users\sandeep madineni\Desktop\JAVA-IMCS Training\Advanced-Java\EmployeeService
2017-06-06 23:01:14,878 [Worker-63] INFO  o.e.m.i.launch.MavenLaunchDelegate -  mvn -B compile
2017-06-06 23:02:51,204 [main] INFO  o.e.m2e.actions.ExecutePomAction - Creating new launch configuration
2017-06-06 23:02:58,545 [Worker-43] INFO  o.e.m.i.launch.MavenLaunchDelegate - C:\Users\sandeep madineni\Desktop\JAVA-IMCS Training\Advanced-Java\EmployeeDAO
2017-06-06 23:02:58,561 [Worker-43] INFO  o.e.m.i.launch.MavenLaunchDelegate -  mvn -B install
2017-06-06 23:03:16,687 [main] INFO  o.e.m2e.actions.ExecutePomAction - Using existing launch configuration
2017-06-06 23:03:16,867 [Worker-51] INFO  o.e.m.i.launch.MavenLaunchDelegate - C:\Users\sandeep madineni\Desktop\JAVA-IMCS Training\Advanced-Java\EmployeeService
2017-06-06 23:03:16,903 [Worker-51] INFO  o.e.m.i.launch.MavenLaunchDelegate -  mvn -B compile
2017-06-06 23:03:30,428 [main] INFO  o.e.m2e.actions.ExecutePomAction - Creating new launch configuration
2017-06-06 23:03:40,147 [Worker-59] INFO  o.e.m.i.launch.MavenLaunchDelegate - C:\Users\sandeep madineni\Desktop\JAVA-IMCS Training\Advanced-Java\EmployeeService
2017-06-06 23:03:40,165 [Worker-59] INFO  o.e.m.i.launch.MavenLaunchDelegate -  mvn -B compile
2017-06-06 23:04:01,995 [main] INFO  o.e.m2e.actions.ExecutePomAction - Creating new launch configuration
2017-06-06 23:04:12,264 [Worker-63] INFO  o.e.m.i.launch.MavenLaunchDelegate - C:\Users\sandeep madineni\Desktop\JAVA-IMCS Training\Advanced-Java\EmployeeService
2017-06-06 23:04:12,296 [Worker-63] INFO  o.e.m.i.launch.MavenLaunchDelegate -  mvn -B package
2017-06-06 23:04:52,242 [main] INFO  o.e.m2e.actions.ExecutePomAction - Creating new launch configuration
2017-06-06 23:05:06,530 [Worker-62] INFO  o.e.m.i.launch.MavenLaunchDelegate - C:\Users\sandeep madineni\Desktop\JAVA-IMCS Training\Advanced-Java\EmployeeService
2017-06-06 23:05:06,542 [Worker-62] INFO  o.e.m.i.launch.MavenLaunchDelegate -  mvn -B package
2017-06-06 23:05:27,853 [main] INFO  o.e.m2e.actions.ExecutePomAction - Creating new launch configuration
2017-06-06 23:05:33,584 [Worker-62] INFO  o.e.m.i.launch.MavenLaunchDelegate - C:\Users\sandeep madineni\Desktop\JAVA-IMCS Training\Advanced-Java\EmployeeService
2017-06-06 23:05:33,628 [Worker-62] INFO  o.e.m.i.launch.MavenLaunchDelegate -  mvn -B install
2017-06-06 23:05:53,300 [main] INFO  o.e.m2e.actions.ExecutePomAction - Creating new launch configuration
2017-06-06 23:06:08,196 [Worker-43] INFO  o.e.m.i.launch.MavenLaunchDelegate - C:\Users\sandeep madineni\Desktop\JAVA-IMCS Training\Advanced-Java\EmployeeAPP
2017-06-06 23:06:08,248 [Worker-43] INFO  o.e.m.i.launch.MavenLaunchDelegate -  mvn -B compile
2017-06-06 23:06:45,523 [main] INFO  o.e.m2e.actions.ExecutePomAction - Creating new launch configuration
2017-06-06 23:06:54,850 [Worker-43] INFO  o.e.m.i.launch.MavenLaunchDelegate - C:\Users\sandeep madineni\Desktop\JAVA-IMCS Training\Advanced-Java\EmployeeAPP
2017-06-06 23:06:54,886 [Worker-43] INFO  o.e.m.i.launch.MavenLaunchDelegate -  mvn -B compile
2017-06-06 23:07:07,200 [main] INFO  o.e.m2e.actions.ExecutePomAction - Creating new launch configuration
2017-06-06 23:07:16,048 [Worker-43] INFO  o.e.m.i.launch.MavenLaunchDelegate - C:\Users\sandeep madineni\Desktop\JAVA-IMCS Training\Advanced-Java\EmployeeAPP
2017-06-06 23:07:16,088 [Worker-43] INFO  o.e.m.i.launch.MavenLaunchDelegate -  mvn -B package
2017-06-06 23:07:47,610 [main] INFO  o.e.m2e.actions.ExecutePomAction - Creating new launch configuration
2017-06-06 23:07:57,098 [Worker-63] INFO  o.e.m.i.launch.MavenLaunchDelegate - C:\Users\sandeep madineni\Desktop\JAVA-IMCS Training\Advanced-Java\EmployeeAPP
2017-06-06 23:07:57,122 [Worker-63] INFO  o.e.m.i.launch.MavenLaunchDelegate -  mvn -B package
2017-06-06 23:08:22,644 [Worker-63] INFO  o.e.m.i.launch.MavenLaunchDelegate - C:\Users\sandeep madineni\Desktop\JAVA-IMCS Training\Advanced-Java\EmployeeAPP
2017-06-06 23:08:22,689 [Worker-63] INFO  o.e.m.i.launch.MavenLaunchDelegate -  mvn -B install
2017-06-06 23:08:28,757 [Worker-65] INFO  o.e.m.c.i.embedder.EclipseLogger - Using 'UTF-8' encoding to copy filtered resources.
2017-06-06 23:08:28,773 [Worker-65] INFO  o.e.m.c.i.embedder.EclipseLogger - skip non existing resourceDirectory C:\Users\sandeep madineni\Desktop\JAVA-IMCS Training\Advanced-Java\EmployeeAPP\src\main\resources
2017-06-06 23:08:28,788 [Worker-65] INFO  o.e.m.c.i.embedder.EclipseLogger - Using 'UTF-8' encoding to copy filtered resources.
2017-06-06 23:08:28,797 [Worker-65] INFO  o.e.m.c.i.embedder.EclipseLogger - skip non existing resourceDirectory C:\Users\sandeep madineni\Desktop\JAVA-IMCS Training\Advanced-Java\EmployeeAPP\src\test\resources
2017-06-07 10:43:06,284 [Worker-16] INFO  o.e.m.c.i.l.LifecycleMappingFactory - Using org.eclipse.m2e.jdt.JarLifecycleMapping lifecycle mapping for MavenProject: com.employeedao:EmployeeDAO:0.0.1-SNAPSHOT @ C:\Users\sandeep madineni\Desktop\JAVA-IMCS Training\Advanced-Java\EmployeeDAO\pom.xml.
2017-06-07 10:43:07,923 [Worker-16] INFO  o.e.m.c.i.embedder.EclipseLogger - Using 'UTF-8' encoding to copy filtered resources.
2017-06-07 10:43:07,923 [Worker-16] INFO  o.e.m.c.i.embedder.EclipseLogger - skip non existing resourceDirectory C:\Users\sandeep madineni\Desktop\JAVA-IMCS Training\Advanced-Java\EmployeeDAO\src\main\resources
2017-06-07 10:43:07,926 [Worker-16] INFO  o.e.m.c.i.embedder.EclipseLogger - Using 'UTF-8' encoding to copy filtered resources.
2017-06-07 10:43:07,927 [Worker-16] INFO  o.e.m.c.i.embedder.EclipseLogger - skip non existing resourceDirectory C:\Users\sandeep madineni\Desktop\JAVA-IMCS Training\Advanced-Java\EmployeeDAO\src\test\resources
2017-06-07 10:43:09,920 [Worker-16] INFO  o.e.m.c.i.l.LifecycleMappingFactory - Using org.eclipse.m2e.jdt.JarLifecycleMapping lifecycle mapping for MavenProject: com.employeeservice:EmployeeService:0.0.1-SNAPSHOT @ C:\Users\sandeep madineni\Desktop\JAVA-IMCS Training\Advanced-Java\EmployeeService\pom.xml.
2017-06-07 10:43:09,933 [Worker-15] INFO  o.e.m.c.i.l.LifecycleMappingFactory - Using org.eclipse.m2e.jdt.JarLifecycleMapping lifecycle mapping for MavenProject: com.employeeApp:EmployeeAPP:0.0.1-SNAPSHOT @ C:\Users\sandeep madineni\Desktop\JAVA-IMCS Training\Advanced-Java\EmployeeAPP\pom.xml.
2017-06-07 10:43:13,791 [Worker-16] INFO  o.e.m.c.i.embedder.EclipseLogger - Using 'UTF-8' encoding to copy filtered resources.
2017-06-07 10:43:13,791 [Worker-16] INFO  o.e.m.c.i.embedder.EclipseLogger - skip non existing resourceDirectory C:\Users\sandeep madineni\Desktop\JAVA-IMCS Training\Advanced-Java\EmployeeService\src\main\resources
2017-06-07 10:43:13,796 [Worker-16] INFO  o.e.m.c.i.embedder.EclipseLogger - Using 'UTF-8' encoding to copy filtered resources.
2017-06-07 10:43:13,796 [Worker-16] INFO  o.e.m.c.i.embedder.EclipseLogger - skip non existing resourceDirectory C:\Users\sandeep madineni\Desktop\JAVA-IMCS Training\Advanced-Java\EmployeeService\src\test\resources
2017-06-07 10:43:14,586 [Worker-14] INFO  o.e.m.c.i.l.LifecycleMappingFactory - Using org.eclipse.m2e.jdt.JarLifecycleMapping lifecycle mapping for MavenProject: com.employeeApp:EmployeeAPP:0.0.1-SNAPSHOT @ C:\Users\sandeep madineni\Desktop\JAVA-IMCS Training\Advanced-Java\EmployeeAPP\pom.xml.
2017-06-07 10:43:14,770 [Worker-14] INFO  o.e.m.c.i.l.LifecycleMappingFactory - Using org.eclipse.m2e.jdt.JarLifecycleMapping lifecycle mapping for MavenProject: com.employeedao:EmployeeDAO:0.0.1-SNAPSHOT @ C:\Users\sandeep madineni\Desktop\JAVA-IMCS Training\Advanced-Java\EmployeeDAO\pom.xml.
2017-06-07 10:43:15,039 [Worker-14] INFO  o.e.m.c.i.l.LifecycleMappingFactory - Using org.eclipse.m2e.jdt.JarLifecycleMapping lifecycle mapping for MavenProject: com.employeeservice:EmployeeService:0.0.1-SNAPSHOT @ C:\Users\sandeep madineni\Desktop\JAVA-IMCS Training\Advanced-Java\EmployeeService\pom.xml.
2017-06-07 10:43:16,634 [Worker-0] INFO  o.e.m.c.i.embedder.EclipseLogger - Using 'UTF-8' encoding to copy filtered resources.
2017-06-07 10:43:16,634 [Worker-0] INFO  o.e.m.c.i.embedder.EclipseLogger - skip non existing resourceDirectory C:\Users\sandeep madineni\Desktop\JAVA-IMCS Training\Advanced-Java\EmployeeDAO\src\main\resources
2017-06-07 10:43:16,697 [Worker-0] INFO  o.e.m.c.i.embedder.EclipseLogger - Using 'UTF-8' encoding to copy filtered resources.
2017-06-07 10:43:16,697 [Worker-0] INFO  o.e.m.c.i.embedder.EclipseLogger - skip non existing resourceDirectory C:\Users\sandeep madineni\Desktop\JAVA-IMCS Training\Advanced-Java\EmployeeDAO\src\test\resources
2017-06-07 10:43:16,718 [Worker-0] INFO  o.e.m.c.i.embedder.EclipseLogger - Using 'UTF-8' encoding to copy filtered resources.
2017-06-07 10:43:16,718 [Worker-0] INFO  o.e.m.c.i.embedder.EclipseLogger - skip non existing resourceDirectory C:\Users\sandeep madineni\Desktop\JAVA-IMCS Training\Advanced-Java\EmployeeService\src\main\resources
2017-06-07 10:43:16,734 [Worker-0] INFO  o.e.m.c.i.embedder.EclipseLogger - Using 'UTF-8' encoding to copy filtered resources.
2017-06-07 10:43:16,734 [Worker-0] INFO  o.e.m.c.i.embedder.EclipseLogger - skip non existing resourceDirectory C:\Users\sandeep madineni\Desktop\JAVA-IMCS Training\Advanced-Java\EmployeeService\src\test\resources
2017-06-07 10:43:16,766 [Worker-0] INFO  o.e.m.c.i.embedder.EclipseLogger - Using 'UTF-8' encoding to copy filtered resources.
2017-06-07 10:43:16,766 [Worker-0] INFO  o.e.m.c.i.embedder.EclipseLogger - skip non existing resourceDirectory C:\Users\sandeep madineni\Desktop\JAVA-IMCS Training\Advanced-Java\EmployeeAPP\src\main\resources
2017-06-07 10:43:16,775 [Worker-0] INFO  o.e.m.c.i.embedder.EclipseLogger - Using 'UTF-8' encoding to copy filtered resources.
2017-06-07 10:43:16,775 [Worker-0] INFO  o.e.m.c.i.embedder.EclipseLogger - skip non existing resourceDirectory C:\Users\sandeep madineni\Desktop\JAVA-IMCS Training\Advanced-Java\EmployeeAPP\src\test\resources
2017-06-07 12:18:42,123 [Worker-5] INFO  o.e.m.c.i.l.LifecycleMappingFactory - Using org.eclipse.m2e.jdt.JarLifecycleMapping lifecycle mapping for MavenProject: com.employeeApp:EmployeeAPP:0.0.1-SNAPSHOT @ C:\Users\sandeep madineni\Desktop\JAVA-IMCS Training\Advanced-Java\EmployeeAPP\pom.xml.
2017-06-07 12:18:42,463 [Worker-5] INFO  o.e.m.c.i.l.LifecycleMappingFactory - Using org.eclipse.m2e.jdt.JarLifecycleMapping lifecycle mapping for MavenProject: com.employeedao:EmployeeDAO:0.0.1-SNAPSHOT @ C:\Users\sandeep madineni\Desktop\JAVA-IMCS Training\Advanced-Java\EmployeeDAO\pom.xml.
2017-06-07 12:18:42,596 [Worker-5] INFO  o.e.m.c.i.l.LifecycleMappingFactory - Using org.eclipse.m2e.jdt.JarLifecycleMapping lifecycle mapping for MavenProject: com.employeeservice:EmployeeService:0.0.1-SNAPSHOT @ C:\Users\sandeep madineni\Desktop\JAVA-IMCS Training\Advanced-Java\EmployeeService\pom.xml.
2017-06-07 12:18:44,224 [Worker-15] INFO  o.e.m.c.i.embedder.EclipseLogger - Using 'UTF-8' encoding to copy filtered resources.
2017-06-07 12:18:44,225 [Worker-15] INFO  o.e.m.c.i.embedder.EclipseLogger - skip non existing resourceDirectory C:\Users\sandeep madineni\Desktop\JAVA-IMCS Training\Advanced-Java\EmployeeDAO\src\main\resources
2017-06-07 12:18:44,228 [Worker-15] INFO  o.e.m.c.i.embedder.EclipseLogger - Using 'UTF-8' encoding to copy filtered resources.
2017-06-07 12:18:44,229 [Worker-15] INFO  o.e.m.c.i.embedder.EclipseLogger - skip non existing resourceDirectory C:\Users\sandeep madineni\Desktop\JAVA-IMCS Training\Advanced-Java\EmployeeDAO\src\test\resources
2017-06-07 12:18:44,807 [Worker-15] INFO  o.e.m.c.i.embedder.EclipseLogger - Using 'UTF-8' encoding to copy filtered resources.
2017-06-07 12:18:44,808 [Worker-15] INFO  o.e.m.c.i.embedder.EclipseLogger - skip non existing resourceDirectory C:\Users\sandeep madineni\Desktop\JAVA-IMCS Training\Advanced-Java\EmployeeService\src\main\resources
2017-06-07 12:18:44,810 [Worker-15] INFO  o.e.m.c.i.embedder.EclipseLogger - Using 'UTF-8' encoding to copy filtered resources.
2017-06-07 12:18:44,810 [Worker-15] INFO  o.e.m.c.i.embedder.EclipseLogger - skip non existing resourceDirectory C:\Users\sandeep madineni\Desktop\JAVA-IMCS Training\Advanced-Java\EmployeeService\src\test\resources
2017-06-07 12:18:44,891 [Worker-15] INFO  o.e.m.c.i.embedder.EclipseLogger - Using 'UTF-8' encoding to copy filtered resources.
2017-06-07 12:18:44,892 [Worker-15] INFO  o.e.m.c.i.embedder.EclipseLogger - skip non existing resourceDirectory C:\Users\sandeep madineni\Desktop\JAVA-IMCS Training\Advanced-Java\EmployeeAPP\src\main\resources
2017-06-07 12:18:44,893 [Worker-15] INFO  o.e.m.c.i.embedder.EclipseLogger - Using 'UTF-8' encoding to copy filtered resources.
2017-06-07 12:18:44,894 [Worker-15] INFO  o.e.m.c.i.embedder.EclipseLogger - skip non existing resourceDirectory C:\Users\sandeep madineni\Desktop\JAVA-IMCS Training\Advanced-Java\EmployeeAPP\src\test\resources
2017-06-07 12:23:43,810 [Worker-5] INFO  o.e.m.c.i.embedder.EclipseLogger - Using 'UTF-8' encoding to copy filtered resources.
2017-06-07 12:23:43,838 [Worker-5] INFO  o.e.m.c.i.embedder.EclipseLogger - skip non existing resourceDirectory C:\Users\sandeep madineni\Desktop\JAVA-IMCS Training\Advanced-Java\EmployeeService\src\main\resources
2017-06-07 12:23:43,840 [Worker-5] INFO  o.e.m.c.i.embedder.EclipseLogger - Using 'UTF-8' encoding to copy filtered resources.
2017-06-07 12:23:43,840 [Worker-5] INFO  o.e.m.c.i.embedder.EclipseLogger - skip non existing resourceDirectory C:\Users\sandeep madineni\Desktop\JAVA-IMCS Training\Advanced-Java\EmployeeService\src\test\resources
2017-06-07 12:23:44,334 [Worker-5] INFO  o.e.m.c.i.embedder.EclipseLogger - Using 'UTF-8' encoding to copy filtered resources.
2017-06-07 12:23:44,342 [Worker-5] INFO  o.e.m.c.i.embedder.EclipseLogger - skip non existing resourceDirectory C:\Users\sandeep madineni\Desktop\JAVA-IMCS Training\Advanced-Java\EmployeeAPP\src\main\resources
2017-06-07 12:23:44,344 [Worker-5] INFO  o.e.m.c.i.embedder.EclipseLogger - Using 'UTF-8' encoding to copy filtered resources.
2017-06-07 12:23:44,344 [Worker-5] INFO  o.e.m.c.i.embedder.EclipseLogger - skip non existing resourceDirectory C:\Users\sandeep madineni\Desktop\JAVA-IMCS Training\Advanced-Java\EmployeeAPP\src\test\resources
